<?xml version="1.0" encoding="UTF-8"?>
<coverage generated="1776760123423" clover="3.2.0">
  <project timestamp="1776760123423" name="All files">
    <metrics statements="197" coveredstatements="196" conditionals="144" coveredconditionals="124" methods="50" coveredmethods="50" elements="391" coveredelements="370" complexity="0" loc="197" ncloc="197" packages="1" files="3" classes="3"/>
    <file name="domain.js" path="D:\LUCA\Facultate\sem4\MPP\Assignment1\backend\domain.js">
      <metrics statements="21" coveredstatements="21" conditionals="0" coveredconditionals="0" methods="3" coveredmethods="3"/>
      <line num="3" count="7" type="stmt"/>
      <line num="4" count="7" type="stmt"/>
      <line num="5" count="7" type="stmt"/>
      <line num="6" count="7" type="stmt"/>
      <line num="7" count="7" type="stmt"/>
      <line num="8" count="7" type="stmt"/>
      <line num="9" count="7" type="stmt"/>
      <line num="10" count="7" type="stmt"/>
      <line num="11" count="7" type="stmt"/>
      <line num="17" count="5" type="stmt"/>
      <line num="18" count="5" type="stmt"/>
      <line num="19" count="5" type="stmt"/>
      <line num="20" count="5" type="stmt"/>
      <line num="21" count="5" type="stmt"/>
      <line num="22" count="5" type="stmt"/>
      <line num="23" count="5" type="stmt"/>
      <line num="29" count="7" type="stmt"/>
      <line num="30" count="7" type="stmt"/>
      <line num="31" count="7" type="stmt"/>
      <line num="32" count="7" type="stmt"/>
      <line num="36" count="2" type="stmt"/>
    </file>
    <file name="router.js" path="D:\LUCA\Facultate\sem4\MPP\Assignment1\backend\router.js">
      <metrics statements="127" coveredstatements="126" conditionals="132" coveredconditionals="112" methods="16" coveredmethods="16"/>
      <line num="1" count="1" type="stmt"/>
      <line num="2" count="1" type="stmt"/>
      <line num="4" count="1" type="stmt"/>
      <line num="5" count="1" type="stmt"/>
      <line num="6" count="1" type="stmt"/>
      <line num="10" count="1" type="stmt"/>
      <line num="11" count="3" type="stmt"/>
      <line num="12" count="3" type="stmt"/>
      <line num="14" count="3" type="cond" truecount="4" falsecount="1"/>
      <line num="15" count="3" type="cond" truecount="3" falsecount="1"/>
      <line num="16" count="3" type="cond" truecount="4" falsecount="0"/>
      <line num="17" count="3" type="cond" truecount="4" falsecount="1"/>
      <line num="19" count="3" type="cond" truecount="2" falsecount="0"/>
      <line num="20" count="1" type="stmt"/>
      <line num="23" count="2" type="cond" truecount="2" falsecount="0"/>
      <line num="24" count="1" type="stmt"/>
      <line num="27" count="1" type="stmt"/>
      <line num="28" count="1" type="stmt"/>
      <line num="30" count="1" type="stmt"/>
      <line num="33" count="1" type="stmt"/>
      <line num="34" count="3" type="stmt"/>
      <line num="36" count="3" type="cond" truecount="4" falsecount="0"/>
      <line num="37" count="1" type="stmt"/>
      <line num="40" count="2" type="stmt"/>
      <line num="42" count="2" type="cond" truecount="2" falsecount="0"/>
      <line num="43" count="1" type="stmt"/>
      <line num="46" count="1" type="cond" truecount="1" falsecount="1"/>
      <line num="47" count="0" type="stmt"/>
      <line num="50" count="1" type="stmt"/>
      <line num="52" count="1" type="stmt"/>
      <line num="55" count="1" type="stmt"/>
      <line num="56" count="1" type="stmt"/>
      <line num="57" count="1" type="stmt"/>
      <line num="60" count="1" type="stmt"/>
      <line num="61" count="2" type="stmt"/>
      <line num="62" count="2" type="stmt"/>
      <line num="64" count="2" type="cond" truecount="2" falsecount="0"/>
      <line num="65" count="1" type="stmt"/>
      <line num="67" count="1" type="stmt"/>
      <line num="70" count="1" type="stmt"/>
      <line num="71" count="2" type="stmt"/>
      <line num="72" count="2" type="stmt"/>
      <line num="73" count="2" type="stmt"/>
      <line num="75" count="2" type="cond" truecount="2" falsecount="0"/>
      <line num="76" count="1" type="stmt"/>
      <line num="78" count="1" type="stmt"/>
      <line num="81" count="1" type="stmt"/>
      <line num="82" count="2" type="stmt"/>
      <line num="83" count="2" type="stmt"/>
      <line num="85" count="2" type="cond" truecount="2" falsecount="0"/>
      <line num="86" count="1" type="stmt"/>
      <line num="88" count="1" type="stmt"/>
      <line num="94" count="1" type="stmt"/>
      <line num="95" count="2" type="stmt"/>
      <line num="96" count="2" type="stmt"/>
      <line num="99" count="2" type="cond" truecount="4" falsecount="1"/>
      <line num="100" count="2" type="cond" truecount="4" falsecount="1"/>
      <line num="101" count="2" type="cond" truecount="4" falsecount="1"/>
      <line num="104" count="2" type="cond" truecount="4" falsecount="0"/>
      <line num="105" count="2" type="cond" truecount="3" falsecount="1"/>
      <line num="107" count="2" type="cond" truecount="2" falsecount="0"/>
      <line num="110" count="1" type="stmt"/>
      <line num="111" count="1" type="stmt"/>
      <line num="113" count="1" type="stmt"/>
      <line num="117" count="1" type="stmt"/>
      <line num="118" count="2" type="stmt"/>
      <line num="119" count="2" type="stmt"/>
      <line num="122" count="2" type="cond" truecount="4" falsecount="1"/>
      <line num="123" count="2" type="cond" truecount="4" falsecount="1"/>
      <line num="124" count="2" type="cond" truecount="4" falsecount="1"/>
      <line num="127" count="2" type="cond" truecount="3" falsecount="1"/>
      <line num="128" count="2" type="cond" truecount="3" falsecount="1"/>
      <line num="130" count="2" type="cond" truecount="1" falsecount="1"/>
      <line num="133" count="2" type="stmt"/>
      <line num="134" count="2" type="cond" truecount="2" falsecount="0"/>
      <line num="136" count="1" type="stmt"/>
      <line num="139" count="1" type="stmt"/>
      <line num="140" count="1" type="stmt"/>
      <line num="141" count="1" type="stmt"/>
      <line num="144" count="1" type="stmt"/>
      <line num="145" count="2" type="stmt"/>
      <line num="146" count="2" type="stmt"/>
      <line num="148" count="2" type="cond" truecount="2" falsecount="0"/>
      <line num="149" count="1" type="stmt"/>
      <line num="151" count="1" type="stmt"/>
      <line num="154" count="1" type="stmt"/>
      <line num="155" count="2" type="stmt"/>
      <line num="156" count="2" type="stmt"/>
      <line num="158" count="2" type="cond" truecount="2" falsecount="0"/>
      <line num="159" count="1" type="stmt"/>
      <line num="161" count="1" type="stmt"/>
      <line num="167" count="1" type="stmt"/>
      <line num="168" count="2" type="stmt"/>
      <line num="169" count="2" type="stmt"/>
      <line num="172" count="2" type="cond" truecount="4" falsecount="1"/>
      <line num="173" count="2" type="cond" truecount="4" falsecount="1"/>
      <line num="174" count="2" type="cond" truecount="5" falsecount="0"/>
      <line num="176" count="2" type="cond" truecount="2" falsecount="0"/>
      <line num="179" count="1" type="stmt"/>
      <line num="180" count="1" type="stmt"/>
      <line num="182" count="1" type="stmt"/>
      <line num="186" count="1" type="stmt"/>
      <line num="187" count="2" type="stmt"/>
      <line num="188" count="2" type="stmt"/>
      <line num="191" count="2" type="cond" truecount="4" falsecount="1"/>
      <line num="192" count="2" type="cond" truecount="4" falsecount="1"/>
      <line num="193" count="2" type="cond" truecount="4" falsecount="1"/>
      <line num="195" count="2" type="cond" truecount="1" falsecount="1"/>
      <line num="198" count="2" type="stmt"/>
      <line num="199" count="2" type="cond" truecount="2" falsecount="0"/>
      <line num="201" count="1" type="stmt"/>
      <line num="204" count="1" type="stmt"/>
      <line num="205" count="1" type="stmt"/>
      <line num="206" count="1" type="stmt"/>
      <line num="209" count="1" type="stmt"/>
      <line num="210" count="2" type="stmt"/>
      <line num="211" count="2" type="stmt"/>
      <line num="213" count="2" type="cond" truecount="2" falsecount="0"/>
      <line num="214" count="1" type="stmt"/>
      <line num="216" count="1" type="stmt"/>
      <line num="219" count="1" type="stmt"/>
      <line num="220" count="2" type="stmt"/>
      <line num="221" count="2" type="stmt"/>
      <line num="223" count="2" type="cond" truecount="2" falsecount="0"/>
      <line num="224" count="1" type="stmt"/>
      <line num="226" count="1" type="stmt"/>
      <line num="229" count="1" type="stmt"/>
    </file>
    <file name="services.js" path="D:\LUCA\Facultate\sem4\MPP\Assignment1\backend\services.js">
      <metrics statements="49" coveredstatements="49" conditionals="12" coveredconditionals="12" methods="31" coveredmethods="31"/>
      <line num="2" count="20" type="stmt"/>
      <line num="3" count="20" type="stmt"/>
      <line num="4" count="20" type="stmt"/>
      <line num="5" count="20" type="stmt"/>
      <line num="6" count="20" type="stmt"/>
      <line num="12" count="5" type="stmt"/>
      <line num="16" count="7" type="stmt"/>
      <line num="17" count="7" type="stmt"/>
      <line num="18" count="7" type="stmt"/>
      <line num="22" count="5" type="stmt"/>
      <line num="23" count="5" type="stmt"/>
      <line num="24" count="5" type="stmt"/>
      <line num="28" count="3" type="stmt"/>
      <line num="32" count="6" type="stmt"/>
      <line num="36" count="6" type="stmt"/>
      <line num="40" count="7" type="stmt"/>
      <line num="44" count="1" type="stmt"/>
      <line num="48" count="1" type="stmt"/>
      <line num="52" count="3" type="stmt"/>
      <line num="56" count="4" type="stmt"/>
      <line num="60" count="2" type="stmt"/>
      <line num="64" count="4" type="stmt"/>
      <line num="65" count="4" type="cond" truecount="2" falsecount="0"/>
      <line num="66" count="2" type="stmt"/>
      <line num="67" count="2" type="stmt"/>
      <line num="69" count="2" type="stmt"/>
      <line num="73" count="4" type="stmt"/>
      <line num="74" count="4" type="cond" truecount="2" falsecount="0"/>
      <line num="75" count="2" type="stmt"/>
      <line num="76" count="2" type="stmt"/>
      <line num="78" count="2" type="stmt"/>
      <line num="82" count="4" type="stmt"/>
      <line num="83" count="4" type="cond" truecount="2" falsecount="0"/>
      <line num="84" count="2" type="stmt"/>
      <line num="85" count="2" type="stmt"/>
      <line num="87" count="2" type="stmt"/>
      <line num="91" count="4" type="stmt"/>
      <line num="92" count="4" type="cond" truecount="2" falsecount="0"/>
      <line num="93" count="2" type="stmt"/>
      <line num="95" count="2" type="stmt"/>
      <line num="99" count="4" type="stmt"/>
      <line num="100" count="4" type="cond" truecount="2" falsecount="0"/>
      <line num="101" count="2" type="stmt"/>
      <line num="103" count="2" type="stmt"/>
      <line num="107" count="4" type="stmt"/>
      <line num="108" count="4" type="cond" truecount="2" falsecount="0"/>
      <line num="109" count="2" type="stmt"/>
      <line num="111" count="2" type="stmt"/>
      <line num="115" count="2" type="stmt"/>
    </file>
  </project>
</coverage>
