{"D:\\LUCA\\Facultate\\sem4\\MPP\\Assignment1\\backend\\domain.js": {"path":"D:\\LUCA\\Facultate\\sem4\\MPP\\Assignment1\\backend\\domain.js","statementMap":{"0":{"start":{"line":3,"column":8},"end":{"line":3,"column":21}},"1":{"start":{"line":4,"column":8},"end":{"line":4,"column":27}},"2":{"start":{"line":5,"column":8},"end":{"line":5,"column":39}},"3":{"start":{"line":6,"column":8},"end":{"line":6,"column":41}},"4":{"start":{"line":7,"column":8},"end":{"line":7,"column":35}},"5":{"start":{"line":8,"column":8},"end":{"line":8,"column":29}},"6":{"start":{"line":9,"column":8},"end":{"line":9,"column":25}},"7":{"start":{"line":10,"column":8},"end":{"line":10,"column":32}},"8":{"start":{"line":11,"column":8},"end":{"line":11,"column":23}},"9":{"start":{"line":17,"column":8},"end":{"line":17,"column":21}},"10":{"start":{"line":18,"column":8},"end":{"line":18,"column":27}},"11":{"start":{"line":19,"column":8},"end":{"line":19,"column":39}},"12":{"start":{"line":20,"column":8},"end":{"line":20,"column":41}},"13":{"start":{"line":21,"column":8},"end":{"line":21,"column":36}},"14":{"start":{"line":22,"column":8},"end":{"line":22,"column":47}},"15":{"start":{"line":23,"column":8},"end":{"line":23,"column":49}},"16":{"start":{"line":29,"column":8},"end":{"line":29,"column":33}},"17":{"start":{"line":30,"column":8},"end":{"line":30,"column":27}},"18":{"start":{"line":31,"column":8},"end":{"line":31,"column":41}},"19":{"start":{"line":32,"column":8},"end":{"line":32,"column":47}},"20":{"start":{"line":36,"column":0},"end":{"line":36,"column":40}}},"fnMap":{"0":{"name":"(anonymous_0)","decl":{"start":{"line":2,"column":4},"end":{"line":2,"column":5}},"loc":{"start":{"line":2,"column":84},"end":{"line":12,"column":5}},"line":2},"1":{"name":"(anonymous_1)","decl":{"start":{"line":16,"column":4},"end":{"line":16,"column":5}},"loc":{"start":{"line":16,"column":89},"end":{"line":24,"column":5}},"line":16},"2":{"name":"(anonymous_2)","decl":{"start":{"line":28,"column":4},"end":{"line":28,"column":5}},"loc":{"start":{"line":28,"column":64},"end":{"line":33,"column":5}},"line":28}},"branchMap":{},"s":{"0":7,"1":7,"2":7,"3":7,"4":7,"5":7,"6":7,"7":7,"8":7,"9":5,"10":5,"11":5,"12":5,"13":5,"14":5,"15":5,"16":7,"17":7,"18":7,"19":7,"20":2},"f":{"0":7,"1":5,"2":7},"b":{},"_coverageSchema":"1a1c01bbd47fc00a2c39e90264f33305004495a9","hash":"adca9d5a4db674cdf5de27d7e9723c5ec7ce028c"}
,"D:\\LUCA\\Facultate\\sem4\\MPP\\Assignment1\\backend\\router.js": {"path":"D:\\LUCA\\Facultate\\sem4\\MPP\\Assignment1\\backend\\router.js","statementMap":{"0":{"start":{"line":1,"column":16},"end":{"line":1,"column":34}},"1":{"start":{"line":2,"column":15},"end":{"line":2,"column":31}},"2":{"start":{"line":4,"column":17},"end":{"line":4,"column":38}},"3":{"start":{"line":5,"column":33},"end":{"line":5,"column":52}},"4":{"start":{"line":6,"column":20},"end":{"line":6,"column":34}},"5":{"start":{"line":10,"column":0},"end":{"line":31,"column":3}},"6":{"start":{"line":11,"column":63},"end":{"line":11,"column":71}},"7":{"start":{"line":12,"column":17},"end":{"line":12,"column":19}},"8":{"start":{"line":14,"column":4},"end":{"line":14,"column":115}},"9":{"start":{"line":14,"column":66},"end":{"line":14,"column":115}},"10":{"start":{"line":15,"column":4},"end":{"line":15,"column":121}},"11":{"start":{"line":15,"column":84},"end":{"line":15,"column":121}},"12":{"start":{"line":16,"column":4},"end":{"line":16,"column":105}},"13":{"start":{"line":16,"column":50},"end":{"line":16,"column":105}},"14":{"start":{"line":17,"column":4},"end":{"line":17,"column":150}},"15":{"start":{"line":17,"column":100},"end":{"line":17,"column":150}},"16":{"start":{"line":19,"column":4},"end":{"line":21,"column":5}},"17":{"start":{"line":20,"column":8},"end":{"line":20,"column":67}},"18":{"start":{"line":23,"column":4},"end":{"line":25,"column":5}},"19":{"start":{"line":24,"column":8},"end":{"line":24,"column":89}},"20":{"start":{"line":27,"column":20},"end":{"line":27,"column":86}},"21":{"start":{"line":28,"column":4},"end":{"line":28,"column":33}},"22":{"start":{"line":30,"column":4},"end":{"line":30,"column":87}},"23":{"start":{"line":33,"column":0},"end":{"line":53,"column":3}},"24":{"start":{"line":34,"column":32},"end":{"line":34,"column":40}},"25":{"start":{"line":36,"column":4},"end":{"line":38,"column":5}},"26":{"start":{"line":37,"column":8},"end":{"line":37,"column":83}},"27":{"start":{"line":40,"column":17},"end":{"line":40,"column":50}},"28":{"start":{"line":42,"column":4},"end":{"line":44,"column":5}},"29":{"start":{"line":43,"column":8},"end":{"line":43,"column":66}},"30":{"start":{"line":46,"column":4},"end":{"line":48,"column":5}},"31":{"start":{"line":47,"column":8},"end":{"line":47,"column":68}},"32":{"start":{"line":50,"column":21},"end":{"line":50,"column":80}},"33":{"start":{"line":52,"column":4},"end":{"line":52,"column":84}},"34":{"start":{"line":55,"column":0},"end":{"line":58,"column":3}},"35":{"start":{"line":56,"column":18},"end":{"line":56,"column":43}},"36":{"start":{"line":57,"column":4},"end":{"line":57,"column":42}},"37":{"start":{"line":60,"column":0},"end":{"line":68,"column":3}},"38":{"start":{"line":61,"column":18},"end":{"line":61,"column":34}},"39":{"start":{"line":62,"column":17},"end":{"line":62,"column":50}},"40":{"start":{"line":64,"column":4},"end":{"line":66,"column":5}},"41":{"start":{"line":65,"column":8},"end":{"line":65,"column":80}},"42":{"start":{"line":67,"column":4},"end":{"line":67,"column":41}},"43":{"start":{"line":70,"column":0},"end":{"line":79,"column":3}},"44":{"start":{"line":71,"column":18},"end":{"line":71,"column":34}},"45":{"start":{"line":72,"column":24},"end":{"line":72,"column":32}},"46":{"start":{"line":73,"column":24},"end":{"line":73,"column":66}},"47":{"start":{"line":75,"column":4},"end":{"line":77,"column":5}},"48":{"start":{"line":76,"column":8},"end":{"line":76,"column":80}},"49":{"start":{"line":78,"column":4},"end":{"line":78,"column":85}},"50":{"start":{"line":81,"column":0},"end":{"line":89,"column":3}},"51":{"start":{"line":82,"column":18},"end":{"line":82,"column":34}},"52":{"start":{"line":83,"column":24},"end":{"line":83,"column":53}},"53":{"start":{"line":85,"column":4},"end":{"line":87,"column":5}},"54":{"start":{"line":86,"column":8},"end":{"line":86,"column":80}},"55":{"start":{"line":88,"column":4},"end":{"line":88,"column":76}},"56":{"start":{"line":94,"column":0},"end":{"line":114,"column":3}},"57":{"start":{"line":95,"column":108},"end":{"line":95,"column":116}},"58":{"start":{"line":96,"column":17},"end":{"line":96,"column":19}},"59":{"start":{"line":99,"column":4},"end":{"line":99,"column":120}},"60":{"start":{"line":99,"column":57},"end":{"line":99,"column":120}},"61":{"start":{"line":100,"column":4},"end":{"line":100,"column":143}},"62":{"start":{"line":100,"column":77},"end":{"line":100,"column":143}},"63":{"start":{"line":101,"column":4},"end":{"line":101,"column":105}},"64":{"start":{"line":101,"column":60},"end":{"line":101,"column":105}},"65":{"start":{"line":104,"column":4},"end":{"line":104,"column":97}},"66":{"start":{"line":104,"column":50},"end":{"line":104,"column":97}},"67":{"start":{"line":105,"column":4},"end":{"line":105,"column":98}},"68":{"start":{"line":105,"column":48},"end":{"line":105,"column":98}},"69":{"start":{"line":107,"column":4},"end":{"line":107,"column":86}},"70":{"start":{"line":107,"column":27},"end":{"line":107,"column":86}},"71":{"start":{"line":110,"column":20},"end":{"line":110,"column":152}},"72":{"start":{"line":111,"column":4},"end":{"line":111,"column":33}},"73":{"start":{"line":113,"column":4},"end":{"line":113,"column":83}},"74":{"start":{"line":117,"column":0},"end":{"line":137,"column":3}},"75":{"start":{"line":118,"column":94},"end":{"line":118,"column":102}},"76":{"start":{"line":119,"column":17},"end":{"line":119,"column":19}},"77":{"start":{"line":122,"column":4},"end":{"line":122,"column":120}},"78":{"start":{"line":122,"column":57},"end":{"line":122,"column":120}},"79":{"start":{"line":123,"column":4},"end":{"line":123,"column":143}},"80":{"start":{"line":123,"column":77},"end":{"line":123,"column":143}},"81":{"start":{"line":124,"column":4},"end":{"line":124,"column":105}},"82":{"start":{"line":124,"column":60},"end":{"line":124,"column":105}},"83":{"start":{"line":127,"column":4},"end":{"line":127,"column":97}},"84":{"start":{"line":127,"column":50},"end":{"line":127,"column":97}},"85":{"start":{"line":128,"column":4},"end":{"line":128,"column":98}},"86":{"start":{"line":128,"column":48},"end":{"line":128,"column":98}},"87":{"start":{"line":130,"column":4},"end":{"line":130,"column":86}},"88":{"start":{"line":130,"column":27},"end":{"line":130,"column":86}},"89":{"start":{"line":133,"column":24},"end":{"line":133,"column":81}},"90":{"start":{"line":134,"column":4},"end":{"line":134,"column":80}},"91":{"start":{"line":134,"column":22},"end":{"line":134,"column":80}},"92":{"start":{"line":136,"column":4},"end":{"line":136,"column":87}},"93":{"start":{"line":139,"column":0},"end":{"line":142,"column":3}},"94":{"start":{"line":140,"column":18},"end":{"line":140,"column":43}},"95":{"start":{"line":141,"column":4},"end":{"line":141,"column":42}},"96":{"start":{"line":144,"column":0},"end":{"line":152,"column":3}},"97":{"start":{"line":145,"column":18},"end":{"line":145,"column":34}},"98":{"start":{"line":146,"column":18},"end":{"line":146,"column":56}},"99":{"start":{"line":148,"column":4},"end":{"line":150,"column":5}},"100":{"start":{"line":149,"column":8},"end":{"line":149,"column":81}},"101":{"start":{"line":151,"column":4},"end":{"line":151,"column":42}},"102":{"start":{"line":154,"column":0},"end":{"line":162,"column":3}},"103":{"start":{"line":155,"column":15},"end":{"line":155,"column":28}},"104":{"start":{"line":156,"column":24},"end":{"line":156,"column":60}},"105":{"start":{"line":158,"column":4},"end":{"line":160,"column":5}},"106":{"start":{"line":159,"column":8},"end":{"line":159,"column":80}},"107":{"start":{"line":161,"column":4},"end":{"line":161,"column":73}},"108":{"start":{"line":167,"column":0},"end":{"line":183,"column":3}},"109":{"start":{"line":168,"column":90},"end":{"line":168,"column":98}},"110":{"start":{"line":169,"column":17},"end":{"line":169,"column":19}},"111":{"start":{"line":172,"column":4},"end":{"line":172,"column":123}},"112":{"start":{"line":172,"column":57},"end":{"line":172,"column":123}},"113":{"start":{"line":173,"column":4},"end":{"line":173,"column":143}},"114":{"start":{"line":173,"column":77},"end":{"line":173,"column":143}},"115":{"start":{"line":174,"column":4},"end":{"line":174,"column":105}},"116":{"start":{"line":174,"column":60},"end":{"line":174,"column":105}},"117":{"start":{"line":176,"column":4},"end":{"line":176,"column":86}},"118":{"start":{"line":176,"column":27},"end":{"line":176,"column":86}},"119":{"start":{"line":179,"column":23},"end":{"line":179,"column":116}},"120":{"start":{"line":180,"column":4},"end":{"line":180,"column":39}},"121":{"start":{"line":182,"column":4},"end":{"line":182,"column":89}},"122":{"start":{"line":186,"column":0},"end":{"line":202,"column":3}},"123":{"start":{"line":187,"column":76},"end":{"line":187,"column":84}},"124":{"start":{"line":188,"column":17},"end":{"line":188,"column":19}},"125":{"start":{"line":191,"column":4},"end":{"line":191,"column":123}},"126":{"start":{"line":191,"column":57},"end":{"line":191,"column":123}},"127":{"start":{"line":192,"column":4},"end":{"line":192,"column":143}},"128":{"start":{"line":192,"column":77},"end":{"line":192,"column":143}},"129":{"start":{"line":193,"column":4},"end":{"line":193,"column":105}},"130":{"start":{"line":193,"column":60},"end":{"line":193,"column":105}},"131":{"start":{"line":195,"column":4},"end":{"line":195,"column":86}},"132":{"start":{"line":195,"column":27},"end":{"line":195,"column":86}},"133":{"start":{"line":198,"column":27},"end":{"line":198,"column":87}},"134":{"start":{"line":199,"column":4},"end":{"line":199,"column":86}},"135":{"start":{"line":199,"column":25},"end":{"line":199,"column":86}},"136":{"start":{"line":201,"column":4},"end":{"line":201,"column":93}},"137":{"start":{"line":204,"column":0},"end":{"line":207,"column":3}},"138":{"start":{"line":205,"column":21},"end":{"line":205,"column":49}},"139":{"start":{"line":206,"column":4},"end":{"line":206,"column":45}},"140":{"start":{"line":209,"column":0},"end":{"line":217,"column":3}},"141":{"start":{"line":210,"column":18},"end":{"line":210,"column":34}},"142":{"start":{"line":211,"column":21},"end":{"line":211,"column":62}},"143":{"start":{"line":213,"column":4},"end":{"line":215,"column":5}},"144":{"start":{"line":214,"column":8},"end":{"line":214,"column":84}},"145":{"start":{"line":216,"column":4},"end":{"line":216,"column":45}},"146":{"start":{"line":219,"column":0},"end":{"line":227,"column":3}},"147":{"start":{"line":220,"column":15},"end":{"line":220,"column":28}},"148":{"start":{"line":221,"column":27},"end":{"line":221,"column":66}},"149":{"start":{"line":223,"column":4},"end":{"line":225,"column":5}},"150":{"start":{"line":224,"column":8},"end":{"line":224,"column":83}},"151":{"start":{"line":226,"column":4},"end":{"line":226,"column":76}},"152":{"start":{"line":229,"column":0},"end":{"line":229,"column":24}}},"fnMap":{"0":{"name":"(anonymous_0)","decl":{"start":{"line":10,"column":26},"end":{"line":10,"column":27}},"loc":{"start":{"line":10,"column":40},"end":{"line":31,"column":1}},"line":10},"1":{"name":"(anonymous_1)","decl":{"start":{"line":33,"column":26},"end":{"line":33,"column":27}},"loc":{"start":{"line":33,"column":40},"end":{"line":53,"column":1}},"line":33},"2":{"name":"(anonymous_2)","decl":{"start":{"line":55,"column":25},"end":{"line":55,"column":26}},"loc":{"start":{"line":55,"column":39},"end":{"line":58,"column":1}},"line":55},"3":{"name":"(anonymous_3)","decl":{"start":{"line":60,"column":32},"end":{"line":60,"column":33}},"loc":{"start":{"line":60,"column":46},"end":{"line":68,"column":1}},"line":60},"4":{"name":"(anonymous_4)","decl":{"start":{"line":70,"column":32},"end":{"line":70,"column":33}},"loc":{"start":{"line":70,"column":46},"end":{"line":79,"column":1}},"line":70},"5":{"name":"(anonymous_5)","decl":{"start":{"line":81,"column":35},"end":{"line":81,"column":36}},"loc":{"start":{"line":81,"column":49},"end":{"line":89,"column":1}},"line":81},"6":{"name":"(anonymous_6)","decl":{"start":{"line":94,"column":26},"end":{"line":94,"column":27}},"loc":{"start":{"line":94,"column":40},"end":{"line":114,"column":1}},"line":94},"7":{"name":"(anonymous_7)","decl":{"start":{"line":117,"column":29},"end":{"line":117,"column":30}},"loc":{"start":{"line":117,"column":43},"end":{"line":137,"column":1}},"line":117},"8":{"name":"(anonymous_8)","decl":{"start":{"line":139,"column":25},"end":{"line":139,"column":26}},"loc":{"start":{"line":139,"column":39},"end":{"line":142,"column":1}},"line":139},"9":{"name":"(anonymous_9)","decl":{"start":{"line":144,"column":32},"end":{"line":144,"column":33}},"loc":{"start":{"line":144,"column":46},"end":{"line":152,"column":1}},"line":144},"10":{"name":"(anonymous_10)","decl":{"start":{"line":154,"column":32},"end":{"line":154,"column":33}},"loc":{"start":{"line":154,"column":46},"end":{"line":162,"column":1}},"line":154},"11":{"name":"(anonymous_11)","decl":{"start":{"line":167,"column":29},"end":{"line":167,"column":30}},"loc":{"start":{"line":167,"column":43},"end":{"line":183,"column":1}},"line":167},"12":{"name":"(anonymous_12)","decl":{"start":{"line":186,"column":32},"end":{"line":186,"column":33}},"loc":{"start":{"line":186,"column":46},"end":{"line":202,"column":1}},"line":186},"13":{"name":"(anonymous_13)","decl":{"start":{"line":204,"column":28},"end":{"line":204,"column":29}},"loc":{"start":{"line":204,"column":42},"end":{"line":207,"column":1}},"line":204},"14":{"name":"(anonymous_14)","decl":{"start":{"line":209,"column":35},"end":{"line":209,"column":36}},"loc":{"start":{"line":209,"column":49},"end":{"line":217,"column":1}},"line":209},"15":{"name":"(anonymous_15)","decl":{"start":{"line":219,"column":35},"end":{"line":219,"column":36}},"loc":{"start":{"line":219,"column":49},"end":{"line":227,"column":1}},"line":219}},"branchMap":{"0":{"loc":{"start":{"line":14,"column":4},"end":{"line":14,"column":115}},"type":"if","locations":[{"start":{"line":14,"column":4},"end":{"line":14,"column":115}},{"start":{},"end":{}}],"line":14},"1":{"loc":{"start":{"line":14,"column":8},"end":{"line":14,"column":64}},"type":"binary-expr","locations":[{"start":{"line":14,"column":8},"end":{"line":14,"column":17}},{"start":{"line":14,"column":21},"end":{"line":14,"column":40}},{"start":{"line":14,"column":44},"end":{"line":14,"column":64}}],"line":14},"2":{"loc":{"start":{"line":15,"column":4},"end":{"line":15,"column":121}},"type":"if","locations":[{"start":{"line":15,"column":4},"end":{"line":15,"column":121}},{"start":{},"end":{}}],"line":15},"3":{"loc":{"start":{"line":15,"column":8},"end":{"line":15,"column":82}},"type":"binary-expr","locations":[{"start":{"line":15,"column":8},"end":{"line":15,"column":14}},{"start":{"line":15,"column":18},"end":{"line":15,"column":82}}],"line":15},"4":{"loc":{"start":{"line":16,"column":4},"end":{"line":16,"column":105}},"type":"if","locations":[{"start":{"line":16,"column":4},"end":{"line":16,"column":105}},{"start":{},"end":{}}],"line":16},"5":{"loc":{"start":{"line":16,"column":8},"end":{"line":16,"column":48}},"type":"binary-expr","locations":[{"start":{"line":16,"column":8},"end":{"line":16,"column":21}},{"start":{"line":16,"column":25},"end":{"line":16,"column":48}}],"line":16},"6":{"loc":{"start":{"line":17,"column":4},"end":{"line":17,"column":150}},"type":"if","locations":[{"start":{"line":17,"column":4},"end":{"line":17,"column":150}},{"start":{},"end":{}}],"line":17},"7":{"loc":{"start":{"line":17,"column":8},"end":{"line":17,"column":98}},"type":"binary-expr","locations":[{"start":{"line":17,"column":8},"end":{"line":17,"column":37}},{"start":{"line":17,"column":41},"end":{"line":17,"column":65}},{"start":{"line":17,"column":69},"end":{"line":17,"column":98}}],"line":17},"8":{"loc":{"start":{"line":19,"column":4},"end":{"line":21,"column":5}},"type":"if","locations":[{"start":{"line":19,"column":4},"end":{"line":21,"column":5}},{"start":{},"end":{}}],"line":19},"9":{"loc":{"start":{"line":23,"column":4},"end":{"line":25,"column":5}},"type":"if","locations":[{"start":{"line":23,"column":4},"end":{"line":25,"column":5}},{"start":{},"end":{}}],"line":23},"10":{"loc":{"start":{"line":36,"column":4},"end":{"line":38,"column":5}},"type":"if","locations":[{"start":{"line":36,"column":4},"end":{"line":38,"column":5}},{"start":{},"end":{}}],"line":36},"11":{"loc":{"start":{"line":36,"column":8},"end":{"line":36,"column":27}},"type":"binary-expr","locations":[{"start":{"line":36,"column":8},"end":{"line":36,"column":14}},{"start":{"line":36,"column":18},"end":{"line":36,"column":27}}],"line":36},"12":{"loc":{"start":{"line":42,"column":4},"end":{"line":44,"column":5}},"type":"if","locations":[{"start":{"line":42,"column":4},"end":{"line":44,"column":5}},{"start":{},"end":{}}],"line":42},"13":{"loc":{"start":{"line":46,"column":4},"end":{"line":48,"column":5}},"type":"if","locations":[{"start":{"line":46,"column":4},"end":{"line":48,"column":5}},{"start":{},"end":{}}],"line":46},"14":{"loc":{"start":{"line":64,"column":4},"end":{"line":66,"column":5}},"type":"if","locations":[{"start":{"line":64,"column":4},"end":{"line":66,"column":5}},{"start":{},"end":{}}],"line":64},"15":{"loc":{"start":{"line":75,"column":4},"end":{"line":77,"column":5}},"type":"if","locations":[{"start":{"line":75,"column":4},"end":{"line":77,"column":5}},{"start":{},"end":{}}],"line":75},"16":{"loc":{"start":{"line":85,"column":4},"end":{"line":87,"column":5}},"type":"if","locations":[{"start":{"line":85,"column":4},"end":{"line":87,"column":5}},{"start":{},"end":{}}],"line":85},"17":{"loc":{"start":{"line":99,"column":4},"end":{"line":99,"column":120}},"type":"if","locations":[{"start":{"line":99,"column":4},"end":{"line":99,"column":120}},{"start":{},"end":{}}],"line":99},"18":{"loc":{"start":{"line":99,"column":8},"end":{"line":99,"column":55}},"type":"binary-expr","locations":[{"start":{"line":99,"column":8},"end":{"line":99,"column":14}},{"start":{"line":99,"column":18},"end":{"line":99,"column":34}},{"start":{"line":99,"column":38},"end":{"line":99,"column":55}}],"line":99},"19":{"loc":{"start":{"line":100,"column":4},"end":{"line":100,"column":143}},"type":"if","locations":[{"start":{"line":100,"column":4},"end":{"line":100,"column":143}},{"start":{},"end":{}}],"line":100},"20":{"loc":{"start":{"line":100,"column":8},"end":{"line":100,"column":75}},"type":"binary-expr","locations":[{"start":{"line":100,"column":8},"end":{"line":100,"column":20}},{"start":{"line":100,"column":24},"end":{"line":100,"column":47}},{"start":{"line":100,"column":51},"end":{"line":100,"column":75}}],"line":100},"21":{"loc":{"start":{"line":101,"column":4},"end":{"line":101,"column":105}},"type":"if","locations":[{"start":{"line":101,"column":4},"end":{"line":101,"column":105}},{"start":{},"end":{}}],"line":101},"22":{"loc":{"start":{"line":101,"column":8},"end":{"line":101,"column":58}},"type":"binary-expr","locations":[{"start":{"line":101,"column":8},"end":{"line":101,"column":13}},{"start":{"line":101,"column":17},"end":{"line":101,"column":37}},{"start":{"line":101,"column":41},"end":{"line":101,"column":58}}],"line":101},"23":{"loc":{"start":{"line":104,"column":4},"end":{"line":104,"column":97}},"type":"if","locations":[{"start":{"line":104,"column":4},"end":{"line":104,"column":97}},{"start":{},"end":{}}],"line":104},"24":{"loc":{"start":{"line":104,"column":8},"end":{"line":104,"column":48}},"type":"binary-expr","locations":[{"start":{"line":104,"column":8},"end":{"line":104,"column":18}},{"start":{"line":104,"column":22},"end":{"line":104,"column":48}}],"line":104},"25":{"loc":{"start":{"line":105,"column":4},"end":{"line":105,"column":98}},"type":"if","locations":[{"start":{"line":105,"column":4},"end":{"line":105,"column":98}},{"start":{},"end":{}}],"line":105},"26":{"loc":{"start":{"line":105,"column":8},"end":{"line":105,"column":46}},"type":"binary-expr","locations":[{"start":{"line":105,"column":8},"end":{"line":105,"column":12}},{"start":{"line":105,"column":16},"end":{"line":105,"column":46}}],"line":105},"27":{"loc":{"start":{"line":107,"column":4},"end":{"line":107,"column":86}},"type":"if","locations":[{"start":{"line":107,"column":4},"end":{"line":107,"column":86}},{"start":{},"end":{}}],"line":107},"28":{"loc":{"start":{"line":122,"column":4},"end":{"line":122,"column":120}},"type":"if","locations":[{"start":{"line":122,"column":4},"end":{"line":122,"column":120}},{"start":{},"end":{}}],"line":122},"29":{"loc":{"start":{"line":122,"column":8},"end":{"line":122,"column":55}},"type":"binary-expr","locations":[{"start":{"line":122,"column":8},"end":{"line":122,"column":14}},{"start":{"line":122,"column":18},"end":{"line":122,"column":34}},{"start":{"line":122,"column":38},"end":{"line":122,"column":55}}],"line":122},"30":{"loc":{"start":{"line":123,"column":4},"end":{"line":123,"column":143}},"type":"if","locations":[{"start":{"line":123,"column":4},"end":{"line":123,"column":143}},{"start":{},"end":{}}],"line":123},"31":{"loc":{"start":{"line":123,"column":8},"end":{"line":123,"column":75}},"type":"binary-expr","locations":[{"start":{"line":123,"column":8},"end":{"line":123,"column":20}},{"start":{"line":123,"column":24},"end":{"line":123,"column":47}},{"start":{"line":123,"column":51},"end":{"line":123,"column":75}}],"line":123},"32":{"loc":{"start":{"line":124,"column":4},"end":{"line":124,"column":105}},"type":"if","locations":[{"start":{"line":124,"column":4},"end":{"line":124,"column":105}},{"start":{},"end":{}}],"line":124},"33":{"loc":{"start":{"line":124,"column":8},"end":{"line":124,"column":58}},"type":"binary-expr","locations":[{"start":{"line":124,"column":8},"end":{"line":124,"column":13}},{"start":{"line":124,"column":17},"end":{"line":124,"column":37}},{"start":{"line":124,"column":41},"end":{"line":124,"column":58}}],"line":124},"34":{"loc":{"start":{"line":127,"column":4},"end":{"line":127,"column":97}},"type":"if","locations":[{"start":{"line":127,"column":4},"end":{"line":127,"column":97}},{"start":{},"end":{}}],"line":127},"35":{"loc":{"start":{"line":127,"column":8},"end":{"line":127,"column":48}},"type":"binary-expr","locations":[{"start":{"line":127,"column":8},"end":{"line":127,"column":18}},{"start":{"line":127,"column":22},"end":{"line":127,"column":48}}],"line":127},"36":{"loc":{"start":{"line":128,"column":4},"end":{"line":128,"column":98}},"type":"if","locations":[{"start":{"line":128,"column":4},"end":{"line":128,"column":98}},{"start":{},"end":{}}],"line":128},"37":{"loc":{"start":{"line":128,"column":8},"end":{"line":128,"column":46}},"type":"binary-expr","locations":[{"start":{"line":128,"column":8},"end":{"line":128,"column":12}},{"start":{"line":128,"column":16},"end":{"line":128,"column":46}}],"line":128},"38":{"loc":{"start":{"line":130,"column":4},"end":{"line":130,"column":86}},"type":"if","locations":[{"start":{"line":130,"column":4},"end":{"line":130,"column":86}},{"start":{},"end":{}}],"line":130},"39":{"loc":{"start":{"line":134,"column":4},"end":{"line":134,"column":80}},"type":"if","locations":[{"start":{"line":134,"column":4},"end":{"line":134,"column":80}},{"start":{},"end":{}}],"line":134},"40":{"loc":{"start":{"line":148,"column":4},"end":{"line":150,"column":5}},"type":"if","locations":[{"start":{"line":148,"column":4},"end":{"line":150,"column":5}},{"start":{},"end":{}}],"line":148},"41":{"loc":{"start":{"line":158,"column":4},"end":{"line":160,"column":5}},"type":"if","locations":[{"start":{"line":158,"column":4},"end":{"line":160,"column":5}},{"start":{},"end":{}}],"line":158},"42":{"loc":{"start":{"line":172,"column":4},"end":{"line":172,"column":123}},"type":"if","locations":[{"start":{"line":172,"column":4},"end":{"line":172,"column":123}},{"start":{},"end":{}}],"line":172},"43":{"loc":{"start":{"line":172,"column":8},"end":{"line":172,"column":55}},"type":"binary-expr","locations":[{"start":{"line":172,"column":8},"end":{"line":172,"column":14}},{"start":{"line":172,"column":18},"end":{"line":172,"column":34}},{"start":{"line":172,"column":38},"end":{"line":172,"column":55}}],"line":172},"44":{"loc":{"start":{"line":173,"column":4},"end":{"line":173,"column":143}},"type":"if","locations":[{"start":{"line":173,"column":4},"end":{"line":173,"column":143}},{"start":{},"end":{}}],"line":173},"45":{"loc":{"start":{"line":173,"column":8},"end":{"line":173,"column":75}},"type":"binary-expr","locations":[{"start":{"line":173,"column":8},"end":{"line":173,"column":20}},{"start":{"line":173,"column":24},"end":{"line":173,"column":47}},{"start":{"line":173,"column":51},"end":{"line":173,"column":75}}],"line":173},"46":{"loc":{"start":{"line":174,"column":4},"end":{"line":174,"column":105}},"type":"if","locations":[{"start":{"line":174,"column":4},"end":{"line":174,"column":105}},{"start":{},"end":{}}],"line":174},"47":{"loc":{"start":{"line":174,"column":8},"end":{"line":174,"column":58}},"type":"binary-expr","locations":[{"start":{"line":174,"column":8},"end":{"line":174,"column":13}},{"start":{"line":174,"column":17},"end":{"line":174,"column":37}},{"start":{"line":174,"column":41},"end":{"line":174,"column":58}}],"line":174},"48":{"loc":{"start":{"line":176,"column":4},"end":{"line":176,"column":86}},"type":"if","locations":[{"start":{"line":176,"column":4},"end":{"line":176,"column":86}},{"start":{},"end":{}}],"line":176},"49":{"loc":{"start":{"line":191,"column":4},"end":{"line":191,"column":123}},"type":"if","locations":[{"start":{"line":191,"column":4},"end":{"line":191,"column":123}},{"start":{},"end":{}}],"line":191},"50":{"loc":{"start":{"line":191,"column":8},"end":{"line":191,"column":55}},"type":"binary-expr","locations":[{"start":{"line":191,"column":8},"end":{"line":191,"column":14}},{"start":{"line":191,"column":18},"end":{"line":191,"column":34}},{"start":{"line":191,"column":38},"end":{"line":191,"column":55}}],"line":191},"51":{"loc":{"start":{"line":192,"column":4},"end":{"line":192,"column":143}},"type":"if","locations":[{"start":{"line":192,"column":4},"end":{"line":192,"column":143}},{"start":{},"end":{}}],"line":192},"52":{"loc":{"start":{"line":192,"column":8},"end":{"line":192,"column":75}},"type":"binary-expr","locations":[{"start":{"line":192,"column":8},"end":{"line":192,"column":20}},{"start":{"line":192,"column":24},"end":{"line":192,"column":47}},{"start":{"line":192,"column":51},"end":{"line":192,"column":75}}],"line":192},"53":{"loc":{"start":{"line":193,"column":4},"end":{"line":193,"column":105}},"type":"if","locations":[{"start":{"line":193,"column":4},"end":{"line":193,"column":105}},{"start":{},"end":{}}],"line":193},"54":{"loc":{"start":{"line":193,"column":8},"end":{"line":193,"column":58}},"type":"binary-expr","locations":[{"start":{"line":193,"column":8},"end":{"line":193,"column":13}},{"start":{"line":193,"column":17},"end":{"line":193,"column":37}},{"start":{"line":193,"column":41},"end":{"line":193,"column":58}}],"line":193},"55":{"loc":{"start":{"line":195,"column":4},"end":{"line":195,"column":86}},"type":"if","locations":[{"start":{"line":195,"column":4},"end":{"line":195,"column":86}},{"start":{},"end":{}}],"line":195},"56":{"loc":{"start":{"line":199,"column":4},"end":{"line":199,"column":86}},"type":"if","locations":[{"start":{"line":199,"column":4},"end":{"line":199,"column":86}},{"start":{},"end":{}}],"line":199},"57":{"loc":{"start":{"line":213,"column":4},"end":{"line":215,"column":5}},"type":"if","locations":[{"start":{"line":213,"column":4},"end":{"line":215,"column":5}},{"start":{},"end":{}}],"line":213},"58":{"loc":{"start":{"line":223,"column":4},"end":{"line":225,"column":5}},"type":"if","locations":[{"start":{"line":223,"column":4},"end":{"line":225,"column":5}},{"start":{},"end":{}}],"line":223}},"s":{"0":1,"1":1,"2":1,"3":1,"4":1,"5":1,"6":3,"7":3,"8":3,"9":0,"10":3,"11":0,"12":3,"13":1,"14":3,"15":0,"16":3,"17":1,"18":2,"19":1,"20":1,"21":1,"22":1,"23":1,"24":3,"25":3,"26":1,"27":2,"28":2,"29":1,"30":1,"31":0,"32":1,"33":1,"34":1,"35":1,"36":1,"37":1,"38":2,"39":2,"40":2,"41":1,"42":1,"43":1,"44":2,"45":2,"46":2,"47":2,"48":1,"49":1,"50":1,"51":2,"52":2,"53":2,"54":1,"55":1,"56":1,"57":2,"58":2,"59":2,"60":0,"61":2,"62":0,"63":2,"64":0,"65":2,"66":1,"67":2,"68":0,"69":2,"70":1,"71":1,"72":1,"73":1,"74":1,"75":2,"76":2,"77":2,"78":0,"79":2,"80":0,"81":2,"82":0,"83":2,"84":0,"85":2,"86":0,"87":2,"88":0,"89":2,"90":2,"91":1,"92":1,"93":1,"94":1,"95":1,"96":1,"97":2,"98":2,"99":2,"100":1,"101":1,"102":1,"103":2,"104":2,"105":2,"106":1,"107":1,"108":1,"109":2,"110":2,"111":2,"112":0,"113":2,"114":0,"115":2,"116":1,"117":2,"118":1,"119":1,"120":1,"121":1,"122":1,"123":2,"124":2,"125":2,"126":0,"127":2,"128":0,"129":2,"130":0,"131":2,"132":0,"133":2,"134":2,"135":1,"136":1,"137":1,"138":1,"139":1,"140":1,"141":2,"142":2,"143":2,"144":1,"145":1,"146":1,"147":2,"148":2,"149":2,"150":1,"151":1,"152":1},"f":{"0":3,"1":3,"2":1,"3":2,"4":2,"5":2,"6":2,"7":2,"8":1,"9":2,"10":2,"11":2,"12":2,"13":1,"14":2,"15":2},"b":{"0":[0,3],"1":[3,3,3],"2":[0,3],"3":[3,3],"4":[1,2],"5":[3,3],"6":[0,3],"7":[3,3,3],"8":[1,2],"9":[1,1],"10":[1,2],"11":[3,3],"12":[1,1],"13":[0,1],"14":[1,1],"15":[1,1],"16":[1,1],"17":[0,2],"18":[2,2,2],"19":[0,2],"20":[2,2,2],"21":[0,2],"22":[2,2,2],"23":[1,1],"24":[2,1],"25":[0,2],"26":[2,2],"27":[1,1],"28":[0,2],"29":[2,2,2],"30":[0,2],"31":[2,2,2],"32":[0,2],"33":[2,2,2],"34":[0,2],"35":[2,2],"36":[0,2],"37":[2,2],"38":[0,2],"39":[1,1],"40":[1,1],"41":[1,1],"42":[0,2],"43":[2,2,2],"44":[0,2],"45":[2,2,2],"46":[1,1],"47":[2,2,2],"48":[1,1],"49":[0,2],"50":[2,2,2],"51":[0,2],"52":[2,2,2],"53":[0,2],"54":[2,2,2],"55":[0,2],"56":[1,1],"57":[1,1],"58":[1,1]},"_coverageSchema":"1a1c01bbd47fc00a2c39e90264f33305004495a9","hash":"dd08d77f8a1cd160e6a38e98bdb97b849ec2b7e3"}
,"D:\\LUCA\\Facultate\\sem4\\MPP\\Assignment1\\backend\\services.js": {"path":"D:\\LUCA\\Facultate\\sem4\\MPP\\Assignment1\\backend\\services.js","statementMap":{"0":{"start":{"line":2,"column":13},"end":{"line":2,"column":15}},"1":{"start":{"line":3,"column":13},"end":{"line":3,"column":15}},"2":{"start":{"line":4,"column":16},"end":{"line":4,"column":18}},"3":{"start":{"line":5,"column":20},"end":{"line":5,"column":21}},"4":{"start":{"line":6,"column":17},"end":{"line":6,"column":18}},"5":{"start":{"line":12,"column":8},"end":{"line":12,"column":34}},"6":{"start":{"line":16,"column":8},"end":{"line":16,"column":37}},"7":{"start":{"line":17,"column":8},"end":{"line":17,"column":26}},"8":{"start":{"line":18,"column":8},"end":{"line":18,"column":34}},"9":{"start":{"line":22,"column":8},"end":{"line":22,"column":43}},"10":{"start":{"line":23,"column":8},"end":{"line":23,"column":29}},"11":{"start":{"line":24,"column":8},"end":{"line":24,"column":40}},"12":{"start":{"line":28,"column":8},"end":{"line":28,"column":27}},"13":{"start":{"line":32,"column":8},"end":{"line":32,"column":27}},"14":{"start":{"line":36,"column":8},"end":{"line":36,"column":30}},"15":{"start":{"line":40,"column":8},"end":{"line":40,"column":62}},"16":{"start":{"line":40,"column":40},"end":{"line":40,"column":60}},"17":{"start":{"line":44,"column":8},"end":{"line":44,"column":56}},"18":{"start":{"line":44,"column":40},"end":{"line":44,"column":54}},"19":{"start":{"line":48,"column":8},"end":{"line":48,"column":65}},"20":{"start":{"line":48,"column":46},"end":{"line":48,"column":63}},"21":{"start":{"line":52,"column":8},"end":{"line":52,"column":84}},"22":{"start":{"line":52,"column":48},"end":{"line":52,"column":82}},"23":{"start":{"line":56,"column":8},"end":{"line":56,"column":75}},"24":{"start":{"line":56,"column":42},"end":{"line":56,"column":73}},"25":{"start":{"line":60,"column":8},"end":{"line":60,"column":72}},"26":{"start":{"line":60,"column":42},"end":{"line":60,"column":70}},"27":{"start":{"line":64,"column":22},"end":{"line":64,"column":73}},"28":{"start":{"line":64,"column":52},"end":{"line":64,"column":72}},"29":{"start":{"line":65,"column":8},"end":{"line":68,"column":9}},"30":{"start":{"line":66,"column":12},"end":{"line":66,"column":45}},"31":{"start":{"line":67,"column":12},"end":{"line":67,"column":38}},"32":{"start":{"line":69,"column":8},"end":{"line":69,"column":20}},"33":{"start":{"line":73,"column":22},"end":{"line":73,"column":76}},"34":{"start":{"line":73,"column":58},"end":{"line":73,"column":75}},"35":{"start":{"line":74,"column":8},"end":{"line":77,"column":9}},"36":{"start":{"line":75,"column":12},"end":{"line":75,"column":51}},"37":{"start":{"line":76,"column":12},"end":{"line":76,"column":41}},"38":{"start":{"line":78,"column":8},"end":{"line":78,"column":20}},"39":{"start":{"line":82,"column":22},"end":{"line":82,"column":67}},"40":{"start":{"line":82,"column":52},"end":{"line":82,"column":66}},"41":{"start":{"line":83,"column":8},"end":{"line":86,"column":9}},"42":{"start":{"line":84,"column":12},"end":{"line":84,"column":45}},"43":{"start":{"line":85,"column":12},"end":{"line":85,"column":38}},"44":{"start":{"line":87,"column":8},"end":{"line":87,"column":20}},"45":{"start":{"line":91,"column":22},"end":{"line":91,"column":73}},"46":{"start":{"line":91,"column":52},"end":{"line":91,"column":72}},"47":{"start":{"line":92,"column":8},"end":{"line":94,"column":9}},"48":{"start":{"line":93,"column":12},"end":{"line":93,"column":51}},"49":{"start":{"line":95,"column":8},"end":{"line":95,"column":20}},"50":{"start":{"line":99,"column":22},"end":{"line":99,"column":76}},"51":{"start":{"line":99,"column":58},"end":{"line":99,"column":75}},"52":{"start":{"line":100,"column":8},"end":{"line":102,"column":9}},"53":{"start":{"line":101,"column":12},"end":{"line":101,"column":54}},"54":{"start":{"line":103,"column":8},"end":{"line":103,"column":20}},"55":{"start":{"line":107,"column":22},"end":{"line":107,"column":67}},"56":{"start":{"line":107,"column":52},"end":{"line":107,"column":66}},"57":{"start":{"line":108,"column":8},"end":{"line":110,"column":9}},"58":{"start":{"line":109,"column":12},"end":{"line":109,"column":51}},"59":{"start":{"line":111,"column":8},"end":{"line":111,"column":20}},"60":{"start":{"line":115,"column":0},"end":{"line":115,"column":26}}},"fnMap":{"0":{"name":"(anonymous_0)","decl":{"start":{"line":8,"column":4},"end":{"line":8,"column":5}},"loc":{"start":{"line":8,"column":17},"end":{"line":9,"column":5}},"line":8},"1":{"name":"(anonymous_1)","decl":{"start":{"line":11,"column":4},"end":{"line":11,"column":5}},"loc":{"start":{"line":11,"column":20},"end":{"line":13,"column":5}},"line":11},"2":{"name":"(anonymous_2)","decl":{"start":{"line":15,"column":4},"end":{"line":15,"column":5}},"loc":{"start":{"line":15,"column":20},"end":{"line":19,"column":5}},"line":15},"3":{"name":"(anonymous_3)","decl":{"start":{"line":21,"column":4},"end":{"line":21,"column":5}},"loc":{"start":{"line":21,"column":26},"end":{"line":25,"column":5}},"line":21},"4":{"name":"(anonymous_4)","decl":{"start":{"line":27,"column":4},"end":{"line":27,"column":5}},"loc":{"start":{"line":27,"column":17},"end":{"line":29,"column":5}},"line":27},"5":{"name":"(anonymous_5)","decl":{"start":{"line":31,"column":4},"end":{"line":31,"column":5}},"loc":{"start":{"line":31,"column":17},"end":{"line":33,"column":5}},"line":31},"6":{"name":"(anonymous_6)","decl":{"start":{"line":35,"column":4},"end":{"line":35,"column":5}},"loc":{"start":{"line":35,"column":20},"end":{"line":37,"column":5}},"line":35},"7":{"name":"(anonymous_7)","decl":{"start":{"line":39,"column":4},"end":{"line":39,"column":5}},"loc":{"start":{"line":39,"column":25},"end":{"line":41,"column":5}},"line":39},"8":{"name":"(anonymous_8)","decl":{"start":{"line":40,"column":32},"end":{"line":40,"column":33}},"loc":{"start":{"line":40,"column":40},"end":{"line":40,"column":60}},"line":40},"9":{"name":"(anonymous_9)","decl":{"start":{"line":43,"column":4},"end":{"line":43,"column":5}},"loc":{"start":{"line":43,"column":19},"end":{"line":45,"column":5}},"line":43},"10":{"name":"(anonymous_10)","decl":{"start":{"line":44,"column":32},"end":{"line":44,"column":33}},"loc":{"start":{"line":44,"column":40},"end":{"line":44,"column":54}},"line":44},"11":{"name":"(anonymous_11)","decl":{"start":{"line":47,"column":4},"end":{"line":47,"column":5}},"loc":{"start":{"line":47,"column":22},"end":{"line":49,"column":5}},"line":47},"12":{"name":"(anonymous_12)","decl":{"start":{"line":48,"column":35},"end":{"line":48,"column":36}},"loc":{"start":{"line":48,"column":46},"end":{"line":48,"column":63}},"line":48},"13":{"name":"(anonymous_13)","decl":{"start":{"line":51,"column":4},"end":{"line":51,"column":5}},"loc":{"start":{"line":51,"column":37},"end":{"line":53,"column":5}},"line":51},"14":{"name":"(anonymous_14)","decl":{"start":{"line":52,"column":37},"end":{"line":52,"column":38}},"loc":{"start":{"line":52,"column":48},"end":{"line":52,"column":82}},"line":52},"15":{"name":"(anonymous_15)","decl":{"start":{"line":55,"column":4},"end":{"line":55,"column":5}},"loc":{"start":{"line":55,"column":34},"end":{"line":57,"column":5}},"line":55},"16":{"name":"(anonymous_16)","decl":{"start":{"line":56,"column":34},"end":{"line":56,"column":35}},"loc":{"start":{"line":56,"column":42},"end":{"line":56,"column":73}},"line":56},"17":{"name":"(anonymous_17)","decl":{"start":{"line":59,"column":4},"end":{"line":59,"column":5}},"loc":{"start":{"line":59,"column":34},"end":{"line":61,"column":5}},"line":59},"18":{"name":"(anonymous_18)","decl":{"start":{"line":60,"column":34},"end":{"line":60,"column":35}},"loc":{"start":{"line":60,"column":42},"end":{"line":60,"column":70}},"line":60},"19":{"name":"(anonymous_19)","decl":{"start":{"line":63,"column":4},"end":{"line":63,"column":5}},"loc":{"start":{"line":63,"column":34},"end":{"line":70,"column":5}},"line":63},"20":{"name":"(anonymous_20)","decl":{"start":{"line":64,"column":44},"end":{"line":64,"column":45}},"loc":{"start":{"line":64,"column":52},"end":{"line":64,"column":72}},"line":64},"21":{"name":"(anonymous_21)","decl":{"start":{"line":72,"column":4},"end":{"line":72,"column":5}},"loc":{"start":{"line":72,"column":37},"end":{"line":79,"column":5}},"line":72},"22":{"name":"(anonymous_22)","decl":{"start":{"line":73,"column":47},"end":{"line":73,"column":48}},"loc":{"start":{"line":73,"column":58},"end":{"line":73,"column":75}},"line":73},"23":{"name":"(anonymous_23)","decl":{"start":{"line":81,"column":4},"end":{"line":81,"column":5}},"loc":{"start":{"line":81,"column":31},"end":{"line":88,"column":5}},"line":81},"24":{"name":"(anonymous_24)","decl":{"start":{"line":82,"column":44},"end":{"line":82,"column":45}},"loc":{"start":{"line":82,"column":52},"end":{"line":82,"column":66}},"line":82},"25":{"name":"(anonymous_25)","decl":{"start":{"line":90,"column":4},"end":{"line":90,"column":5}},"loc":{"start":{"line":90,"column":21},"end":{"line":96,"column":5}},"line":90},"26":{"name":"(anonymous_26)","decl":{"start":{"line":91,"column":44},"end":{"line":91,"column":45}},"loc":{"start":{"line":91,"column":52},"end":{"line":91,"column":72}},"line":91},"27":{"name":"(anonymous_27)","decl":{"start":{"line":98,"column":4},"end":{"line":98,"column":5}},"loc":{"start":{"line":98,"column":21},"end":{"line":104,"column":5}},"line":98},"28":{"name":"(anonymous_28)","decl":{"start":{"line":99,"column":47},"end":{"line":99,"column":48}},"loc":{"start":{"line":99,"column":58},"end":{"line":99,"column":75}},"line":99},"29":{"name":"(anonymous_29)","decl":{"start":{"line":106,"column":4},"end":{"line":106,"column":5}},"loc":{"start":{"line":106,"column":18},"end":{"line":112,"column":5}},"line":106},"30":{"name":"(anonymous_30)","decl":{"start":{"line":107,"column":44},"end":{"line":107,"column":45}},"loc":{"start":{"line":107,"column":52},"end":{"line":107,"column":66}},"line":107}},"branchMap":{"0":{"loc":{"start":{"line":65,"column":8},"end":{"line":68,"column":9}},"type":"if","locations":[{"start":{"line":65,"column":8},"end":{"line":68,"column":9}},{"start":{},"end":{}}],"line":65},"1":{"loc":{"start":{"line":74,"column":8},"end":{"line":77,"column":9}},"type":"if","locations":[{"start":{"line":74,"column":8},"end":{"line":77,"column":9}},{"start":{},"end":{}}],"line":74},"2":{"loc":{"start":{"line":83,"column":8},"end":{"line":86,"column":9}},"type":"if","locations":[{"start":{"line":83,"column":8},"end":{"line":86,"column":9}},{"start":{},"end":{}}],"line":83},"3":{"loc":{"start":{"line":92,"column":8},"end":{"line":94,"column":9}},"type":"if","locations":[{"start":{"line":92,"column":8},"end":{"line":94,"column":9}},{"start":{},"end":{}}],"line":92},"4":{"loc":{"start":{"line":100,"column":8},"end":{"line":102,"column":9}},"type":"if","locations":[{"start":{"line":100,"column":8},"end":{"line":102,"column":9}},{"start":{},"end":{}}],"line":100},"5":{"loc":{"start":{"line":108,"column":8},"end":{"line":110,"column":9}},"type":"if","locations":[{"start":{"line":108,"column":8},"end":{"line":110,"column":9}},{"start":{},"end":{}}],"line":108}},"s":{"0":20,"1":20,"2":20,"3":20,"4":20,"5":5,"6":7,"7":7,"8":7,"9":5,"10":5,"11":5,"12":3,"13":6,"14":6,"15":7,"16":4,"17":1,"18":1,"19":1,"20":1,"21":3,"22":3,"23":3,"24":4,"25":1,"26":2,"27":4,"28":2,"29":4,"30":2,"31":2,"32":2,"33":4,"34":3,"35":4,"36":2,"37":2,"38":2,"39":4,"40":3,"41":4,"42":2,"43":2,"44":2,"45":4,"46":2,"47":4,"48":2,"49":2,"50":4,"51":2,"52":4,"53":2,"54":2,"55":4,"56":2,"57":4,"58":2,"59":2,"60":2},"f":{"0":20,"1":5,"2":7,"3":5,"4":3,"5":6,"6":6,"7":7,"8":4,"9":1,"10":1,"11":1,"12":1,"13":3,"14":3,"15":3,"16":4,"17":1,"18":2,"19":4,"20":2,"21":4,"22":3,"23":4,"24":3,"25":4,"26":2,"27":4,"28":2,"29":4,"30":2},"b":{"0":[2,2],"1":[2,2],"2":[2,2],"3":[2,2],"4":[2,2],"5":[2,2]},"_coverageSchema":"1a1c01bbd47fc00a2c39e90264f33305004495a9","hash":"a71691e2f61cfe7261ba6e180f5bd47600cc451e"}
}
