TN:
SF:domain.js
FN:2,(anonymous_0)
FN:16,(anonymous_1)
FN:28,(anonymous_2)
FNF:3
FNH:3
FNDA:7,(anonymous_0)
FNDA:5,(anonymous_1)
FNDA:7,(anonymous_2)
DA:3,7
DA:4,7
DA:5,7
DA:6,7
DA:7,7
DA:8,7
DA:9,7
DA:10,7
DA:11,7
DA:17,5
DA:18,5
DA:19,5
DA:20,5
DA:21,5
DA:22,5
DA:23,5
DA:29,7
DA:30,7
DA:31,7
DA:32,7
DA:36,2
LF:21
LH:21
BRF:0
BRH:0
end_of_record
TN:
SF:router.js
FN:10,(anonymous_0)
FN:33,(anonymous_1)
FN:55,(anonymous_2)
FN:60,(anonymous_3)
FN:70,(anonymous_4)
FN:81,(anonymous_5)
FN:94,(anonymous_6)
FN:117,(anonymous_7)
FN:139,(anonymous_8)
FN:144,(anonymous_9)
FN:154,(anonymous_10)
FN:167,(anonymous_11)
FN:186,(anonymous_12)
FN:204,(anonymous_13)
FN:209,(anonymous_14)
FN:219,(anonymous_15)
FNF:16
FNH:16
FNDA:3,(anonymous_0)
FNDA:3,(anonymous_1)
FNDA:1,(anonymous_2)
FNDA:2,(anonymous_3)
FNDA:2,(anonymous_4)
FNDA:2,(anonymous_5)
FNDA:2,(anonymous_6)
FNDA:2,(anonymous_7)
FNDA:1,(anonymous_8)
FNDA:2,(anonymous_9)
FNDA:2,(anonymous_10)
FNDA:2,(anonymous_11)
FNDA:2,(anonymous_12)
FNDA:1,(anonymous_13)
FNDA:2,(anonymous_14)
FNDA:2,(anonymous_15)
DA:1,1
DA:2,1
DA:4,1
DA:5,1
DA:6,1
DA:10,1
DA:11,3
DA:12,3
DA:14,3
DA:15,3
DA:16,3
DA:17,3
DA:19,3
DA:20,1
DA:23,2
DA:24,1
DA:27,1
DA:28,1
DA:30,1
DA:33,1
DA:34,3
DA:36,3
DA:37,1
DA:40,2
DA:42,2
DA:43,1
DA:46,1
DA:47,0
DA:50,1
DA:52,1
DA:55,1
DA:56,1
DA:57,1
DA:60,1
DA:61,2
DA:62,2
DA:64,2
DA:65,1
DA:67,1
DA:70,1
DA:71,2
DA:72,2
DA:73,2
DA:75,2
DA:76,1
DA:78,1
DA:81,1
DA:82,2
DA:83,2
DA:85,2
DA:86,1
DA:88,1
DA:94,1
DA:95,2
DA:96,2
DA:99,2
DA:100,2
DA:101,2
DA:104,2
DA:105,2
DA:107,2
DA:110,1
DA:111,1
DA:113,1
DA:117,1
DA:118,2
DA:119,2
DA:122,2
DA:123,2
DA:124,2
DA:127,2
DA:128,2
DA:130,2
DA:133,2
DA:134,2
DA:136,1
DA:139,1
DA:140,1
DA:141,1
DA:144,1
DA:145,2
DA:146,2
DA:148,2
DA:149,1
DA:151,1
DA:154,1
DA:155,2
DA:156,2
DA:158,2
DA:159,1
DA:161,1
DA:167,1
DA:168,2
DA:169,2
DA:172,2
DA:173,2
DA:174,2
DA:176,2
DA:179,1
DA:180,1
DA:182,1
DA:186,1
DA:187,2
DA:188,2
DA:191,2
DA:192,2
DA:193,2
DA:195,2
DA:198,2
DA:199,2
DA:201,1
DA:204,1
DA:205,1
DA:206,1
DA:209,1
DA:210,2
DA:211,2
DA:213,2
DA:214,1
DA:216,1
DA:219,1
DA:220,2
DA:221,2
DA:223,2
DA:224,1
DA:226,1
DA:229,1
LF:127
LH:126
BRDA:14,0,0,0
BRDA:14,0,1,3
BRDA:14,1,0,3
BRDA:14,1,1,3
BRDA:14,1,2,3
BRDA:15,2,0,0
BRDA:15,2,1,3
BRDA:15,3,0,3
BRDA:15,3,1,3
BRDA:16,4,0,1
BRDA:16,4,1,2
BRDA:16,5,0,3
BRDA:16,5,1,3
BRDA:17,6,0,0
BRDA:17,6,1,3
BRDA:17,7,0,3
BRDA:17,7,1,3
BRDA:17,7,2,3
BRDA:19,8,0,1
BRDA:19,8,1,2
BRDA:23,9,0,1
BRDA:23,9,1,1
BRDA:36,10,0,1
BRDA:36,10,1,2
BRDA:36,11,0,3
BRDA:36,11,1,3
BRDA:42,12,0,1
BRDA:42,12,1,1
BRDA:46,13,0,0
BRDA:46,13,1,1
BRDA:64,14,0,1
BRDA:64,14,1,1
BRDA:75,15,0,1
BRDA:75,15,1,1
BRDA:85,16,0,1
BRDA:85,16,1,1
BRDA:99,17,0,0
BRDA:99,17,1,2
BRDA:99,18,0,2
BRDA:99,18,1,2
BRDA:99,18,2,2
BRDA:100,19,0,0
BRDA:100,19,1,2
BRDA:100,20,0,2
BRDA:100,20,1,2
BRDA:100,20,2,2
BRDA:101,21,0,0
BRDA:101,21,1,2
BRDA:101,22,0,2
BRDA:101,22,1,2
BRDA:101,22,2,2
BRDA:104,23,0,1
BRDA:104,23,1,1
BRDA:104,24,0,2
BRDA:104,24,1,1
BRDA:105,25,0,0
BRDA:105,25,1,2
BRDA:105,26,0,2
BRDA:105,26,1,2
BRDA:107,27,0,1
BRDA:107,27,1,1
BRDA:122,28,0,0
BRDA:122,28,1,2
BRDA:122,29,0,2
BRDA:122,29,1,2
BRDA:122,29,2,2
BRDA:123,30,0,0
BRDA:123,30,1,2
BRDA:123,31,0,2
BRDA:123,31,1,2
BRDA:123,31,2,2
BRDA:124,32,0,0
BRDA:124,32,1,2
BRDA:124,33,0,2
BRDA:124,33,1,2
BRDA:124,33,2,2
BRDA:127,34,0,0
BRDA:127,34,1,2
BRDA:127,35,0,2
BRDA:127,35,1,2
BRDA:128,36,0,0
BRDA:128,36,1,2
BRDA:128,37,0,2
BRDA:128,37,1,2
BRDA:130,38,0,0
BRDA:130,38,1,2
BRDA:134,39,0,1
BRDA:134,39,1,1
BRDA:148,40,0,1
BRDA:148,40,1,1
BRDA:158,41,0,1
BRDA:158,41,1,1
BRDA:172,42,0,0
BRDA:172,42,1,2
BRDA:172,43,0,2
BRDA:172,43,1,2
BRDA:172,43,2,2
BRDA:173,44,0,0
BRDA:173,44,1,2
BRDA:173,45,0,2
BRDA:173,45,1,2
BRDA:173,45,2,2
BRDA:174,46,0,1
BRDA:174,46,1,1
BRDA:174,47,0,2
BRDA:174,47,1,2
BRDA:174,47,2,2
BRDA:176,48,0,1
BRDA:176,48,1,1
BRDA:191,49,0,0
BRDA:191,49,1,2
BRDA:191,50,0,2
BRDA:191,50,1,2
BRDA:191,50,2,2
BRDA:192,51,0,0
BRDA:192,51,1,2
BRDA:192,52,0,2
BRDA:192,52,1,2
BRDA:192,52,2,2
BRDA:193,53,0,0
BRDA:193,53,1,2
BRDA:193,54,0,2
BRDA:193,54,1,2
BRDA:193,54,2,2
BRDA:195,55,0,0
BRDA:195,55,1,2
BRDA:199,56,0,1
BRDA:199,56,1,1
BRDA:213,57,0,1
BRDA:213,57,1,1
BRDA:223,58,0,1
BRDA:223,58,1,1
BRF:132
BRH:112
end_of_record
TN:
SF:services.js
FN:8,(anonymous_0)
FN:11,(anonymous_1)
FN:15,(anonymous_2)
FN:21,(anonymous_3)
FN:27,(anonymous_4)
FN:31,(anonymous_5)
FN:35,(anonymous_6)
FN:39,(anonymous_7)
FN:40,(anonymous_8)
FN:43,(anonymous_9)
FN:44,(anonymous_10)
FN:47,(anonymous_11)
FN:48,(anonymous_12)
FN:51,(anonymous_13)
FN:52,(anonymous_14)
FN:55,(anonymous_15)
FN:56,(anonymous_16)
FN:59,(anonymous_17)
FN:60,(anonymous_18)
FN:63,(anonymous_19)
FN:64,(anonymous_20)
FN:72,(anonymous_21)
FN:73,(anonymous_22)
FN:81,(anonymous_23)
FN:82,(anonymous_24)
FN:90,(anonymous_25)
FN:91,(anonymous_26)
FN:98,(anonymous_27)
FN:99,(anonymous_28)
FN:106,(anonymous_29)
FN:107,(anonymous_30)
FNF:31
FNH:31
FNDA:20,(anonymous_0)
FNDA:5,(anonymous_1)
FNDA:7,(anonymous_2)
FNDA:5,(anonymous_3)
FNDA:3,(anonymous_4)
FNDA:6,(anonymous_5)
FNDA:6,(anonymous_6)
FNDA:7,(anonymous_7)
FNDA:4,(anonymous_8)
FNDA:1,(anonymous_9)
FNDA:1,(anonymous_10)
FNDA:1,(anonymous_11)
FNDA:1,(anonymous_12)
FNDA:3,(anonymous_13)
FNDA:3,(anonymous_14)
FNDA:3,(anonymous_15)
FNDA:4,(anonymous_16)
FNDA:1,(anonymous_17)
FNDA:2,(anonymous_18)
FNDA:4,(anonymous_19)
FNDA:2,(anonymous_20)
FNDA:4,(anonymous_21)
FNDA:3,(anonymous_22)
FNDA:4,(anonymous_23)
FNDA:3,(anonymous_24)
FNDA:4,(anonymous_25)
FNDA:2,(anonymous_26)
FNDA:4,(anonymous_27)
FNDA:2,(anonymous_28)
FNDA:4,(anonymous_29)
FNDA:2,(anonymous_30)
DA:2,20
DA:3,20
DA:4,20
DA:5,20
DA:6,20
DA:12,5
DA:16,7
DA:17,7
DA:18,7
DA:22,5
DA:23,5
DA:24,5
DA:28,3
DA:32,6
DA:36,6
DA:40,7
DA:44,1
DA:48,1
DA:52,3
DA:56,4
DA:60,2
DA:64,4
DA:65,4
DA:66,2
DA:67,2
DA:69,2
DA:73,4
DA:74,4
DA:75,2
DA:76,2
DA:78,2
DA:82,4
DA:83,4
DA:84,2
DA:85,2
DA:87,2
DA:91,4
DA:92,4
DA:93,2
DA:95,2
DA:99,4
DA:100,4
DA:101,2
DA:103,2
DA:107,4
DA:108,4
DA:109,2
DA:111,2
DA:115,2
LF:49
LH:49
BRDA:65,0,0,2
BRDA:65,0,1,2
BRDA:74,1,0,2
BRDA:74,1,1,2
BRDA:83,2,0,2
BRDA:83,2,1,2
BRDA:92,3,0,2
BRDA:92,3,1,2
BRDA:100,4,0,2
BRDA:100,4,1,2
BRDA:108,5,0,2
BRDA:108,5,1,2
BRF:12
BRH:12
end_of_record
