{"D:\\LUCA\\Facultate\\sem4\\MPP\\Assignment1React\\project-ui-react\\src\\backend\\domain.js": {"path":"D:\\LUCA\\Facultate\\sem4\\MPP\\Assignment1React\\project-ui-react\\src\\backend\\domain.js","statementMap":{"0":{"start":{"line":3,"column":8},"end":{"line":3,"column":21}},"1":{"start":{"line":4,"column":8},"end":{"line":4,"column":27}},"2":{"start":{"line":5,"column":8},"end":{"line":5,"column":39}},"3":{"start":{"line":6,"column":8},"end":{"line":6,"column":41}},"4":{"start":{"line":7,"column":8},"end":{"line":7,"column":35}},"5":{"start":{"line":8,"column":8},"end":{"line":8,"column":29}},"6":{"start":{"line":9,"column":8},"end":{"line":9,"column":25}},"7":{"start":{"line":10,"column":8},"end":{"line":10,"column":32}},"8":{"start":{"line":11,"column":8},"end":{"line":11,"column":23}},"9":{"start":{"line":17,"column":8},"end":{"line":17,"column":21}},"10":{"start":{"line":18,"column":8},"end":{"line":18,"column":27}},"11":{"start":{"line":19,"column":8},"end":{"line":19,"column":39}},"12":{"start":{"line":20,"column":8},"end":{"line":20,"column":41}},"13":{"start":{"line":21,"column":8},"end":{"line":21,"column":36}},"14":{"start":{"line":22,"column":8},"end":{"line":22,"column":47}},"15":{"start":{"line":23,"column":8},"end":{"line":23,"column":49}},"16":{"start":{"line":29,"column":8},"end":{"line":29,"column":33}},"17":{"start":{"line":30,"column":8},"end":{"line":30,"column":27}},"18":{"start":{"line":31,"column":8},"end":{"line":31,"column":41}},"19":{"start":{"line":32,"column":8},"end":{"line":32,"column":47}},"20":{"start":{"line":36,"column":0},"end":{"line":36,"column":40}}},"fnMap":{"0":{"name":"(anonymous_0)","decl":{"start":{"line":2,"column":4},"end":{"line":2,"column":5}},"loc":{"start":{"line":2,"column":84},"end":{"line":12,"column":5}},"line":2},"1":{"name":"(anonymous_1)","decl":{"start":{"line":16,"column":4},"end":{"line":16,"column":5}},"loc":{"start":{"line":16,"column":89},"end":{"line":24,"column":5}},"line":16},"2":{"name":"(anonymous_2)","decl":{"start":{"line":28,"column":4},"end":{"line":28,"column":5}},"loc":{"start":{"line":28,"column":64},"end":{"line":33,"column":5}},"line":28}},"branchMap":{},"s":{"0":9,"1":9,"2":9,"3":9,"4":9,"5":9,"6":9,"7":9,"8":9,"9":7,"10":7,"11":7,"12":7,"13":7,"14":7,"15":7,"16":7,"17":7,"18":7,"19":7,"20":2},"f":{"0":9,"1":7,"2":7},"b":{},"_coverageSchema":"1a1c01bbd47fc00a2c39e90264f33305004495a9","hash":"c72dab212d27fc7fc753955af76f709b05081f70"}
,"D:\\LUCA\\Facultate\\sem4\\MPP\\Assignment1React\\project-ui-react\\src\\backend\\router.js": {"path":"D:\\LUCA\\Facultate\\sem4\\MPP\\Assignment1React\\project-ui-react\\src\\backend\\router.js","statementMap":{"0":{"start":{"line":1,"column":16},"end":{"line":1,"column":34}},"1":{"start":{"line":2,"column":15},"end":{"line":2,"column":31}},"2":{"start":{"line":4,"column":17},"end":{"line":4,"column":38}},"3":{"start":{"line":5,"column":33},"end":{"line":5,"column":52}},"4":{"start":{"line":6,"column":20},"end":{"line":6,"column":34}},"5":{"start":{"line":10,"column":0},"end":{"line":16,"column":3}},"6":{"start":{"line":11,"column":63},"end":{"line":11,"column":71}},"7":{"start":{"line":12,"column":20},"end":{"line":12,"column":76}},"8":{"start":{"line":13,"column":4},"end":{"line":13,"column":33}},"9":{"start":{"line":15,"column":4},"end":{"line":15,"column":87}},"10":{"start":{"line":18,"column":0},"end":{"line":21,"column":3}},"11":{"start":{"line":19,"column":18},"end":{"line":19,"column":43}},"12":{"start":{"line":20,"column":4},"end":{"line":20,"column":42}},"13":{"start":{"line":23,"column":0},"end":{"line":31,"column":3}},"14":{"start":{"line":24,"column":18},"end":{"line":24,"column":34}},"15":{"start":{"line":25,"column":17},"end":{"line":25,"column":50}},"16":{"start":{"line":27,"column":4},"end":{"line":29,"column":5}},"17":{"start":{"line":28,"column":8},"end":{"line":28,"column":80}},"18":{"start":{"line":30,"column":4},"end":{"line":30,"column":41}},"19":{"start":{"line":33,"column":0},"end":{"line":42,"column":3}},"20":{"start":{"line":34,"column":18},"end":{"line":34,"column":34}},"21":{"start":{"line":35,"column":24},"end":{"line":35,"column":32}},"22":{"start":{"line":36,"column":24},"end":{"line":36,"column":66}},"23":{"start":{"line":38,"column":4},"end":{"line":40,"column":5}},"24":{"start":{"line":39,"column":8},"end":{"line":39,"column":80}},"25":{"start":{"line":41,"column":4},"end":{"line":41,"column":85}},"26":{"start":{"line":44,"column":0},"end":{"line":52,"column":3}},"27":{"start":{"line":45,"column":18},"end":{"line":45,"column":34}},"28":{"start":{"line":46,"column":24},"end":{"line":46,"column":53}},"29":{"start":{"line":48,"column":4},"end":{"line":50,"column":5}},"30":{"start":{"line":49,"column":8},"end":{"line":49,"column":80}},"31":{"start":{"line":51,"column":4},"end":{"line":51,"column":76}},"32":{"start":{"line":56,"column":0},"end":{"line":62,"column":3}},"33":{"start":{"line":57,"column":83},"end":{"line":57,"column":91}},"34":{"start":{"line":58,"column":20},"end":{"line":58,"column":97}},"35":{"start":{"line":59,"column":4},"end":{"line":59,"column":33}},"36":{"start":{"line":61,"column":4},"end":{"line":61,"column":87}},"37":{"start":{"line":64,"column":0},"end":{"line":67,"column":3}},"38":{"start":{"line":65,"column":18},"end":{"line":65,"column":43}},"39":{"start":{"line":66,"column":4},"end":{"line":66,"column":42}},"40":{"start":{"line":69,"column":0},"end":{"line":77,"column":3}},"41":{"start":{"line":70,"column":18},"end":{"line":70,"column":34}},"42":{"start":{"line":71,"column":18},"end":{"line":71,"column":56}},"43":{"start":{"line":73,"column":4},"end":{"line":75,"column":5}},"44":{"start":{"line":74,"column":8},"end":{"line":74,"column":81}},"45":{"start":{"line":76,"column":4},"end":{"line":76,"column":42}},"46":{"start":{"line":79,"column":0},"end":{"line":93,"column":3}},"47":{"start":{"line":80,"column":15},"end":{"line":80,"column":26}},"48":{"start":{"line":81,"column":24},"end":{"line":81,"column":32}},"49":{"start":{"line":83,"column":20},"end":{"line":83,"column":195}},"50":{"start":{"line":84,"column":4},"end":{"line":84,"column":38}},"51":{"start":{"line":85,"column":4},"end":{"line":85,"column":42}},"52":{"start":{"line":87,"column":24},"end":{"line":87,"column":69}},"53":{"start":{"line":89,"column":4},"end":{"line":91,"column":5}},"54":{"start":{"line":90,"column":8},"end":{"line":90,"column":80}},"55":{"start":{"line":92,"column":4},"end":{"line":92,"column":85}},"56":{"start":{"line":95,"column":0},"end":{"line":103,"column":3}},"57":{"start":{"line":96,"column":15},"end":{"line":96,"column":28}},"58":{"start":{"line":97,"column":24},"end":{"line":97,"column":60}},"59":{"start":{"line":99,"column":4},"end":{"line":101,"column":5}},"60":{"start":{"line":100,"column":8},"end":{"line":100,"column":80}},"61":{"start":{"line":102,"column":4},"end":{"line":102,"column":73}},"62":{"start":{"line":107,"column":0},"end":{"line":113,"column":3}},"63":{"start":{"line":108,"column":98},"end":{"line":108,"column":106}},"64":{"start":{"line":109,"column":23},"end":{"line":109,"column":107}},"65":{"start":{"line":110,"column":4},"end":{"line":110,"column":39}},"66":{"start":{"line":112,"column":4},"end":{"line":112,"column":93}},"67":{"start":{"line":115,"column":0},"end":{"line":118,"column":3}},"68":{"start":{"line":116,"column":21},"end":{"line":116,"column":49}},"69":{"start":{"line":117,"column":4},"end":{"line":117,"column":45}},"70":{"start":{"line":120,"column":0},"end":{"line":128,"column":3}},"71":{"start":{"line":121,"column":18},"end":{"line":121,"column":34}},"72":{"start":{"line":122,"column":21},"end":{"line":122,"column":62}},"73":{"start":{"line":124,"column":4},"end":{"line":126,"column":5}},"74":{"start":{"line":125,"column":8},"end":{"line":125,"column":84}},"75":{"start":{"line":127,"column":4},"end":{"line":127,"column":45}},"76":{"start":{"line":130,"column":0},"end":{"line":141,"column":3}},"77":{"start":{"line":131,"column":98},"end":{"line":131,"column":106}},"78":{"start":{"line":132,"column":23},"end":{"line":132,"column":107}},"79":{"start":{"line":134,"column":4},"end":{"line":134,"column":32}},"80":{"start":{"line":135,"column":27},"end":{"line":135,"column":78}},"81":{"start":{"line":137,"column":4},"end":{"line":139,"column":5}},"82":{"start":{"line":138,"column":8},"end":{"line":138,"column":83}},"83":{"start":{"line":140,"column":4},"end":{"line":140,"column":91}},"84":{"start":{"line":143,"column":0},"end":{"line":151,"column":3}},"85":{"start":{"line":144,"column":15},"end":{"line":144,"column":28}},"86":{"start":{"line":145,"column":27},"end":{"line":145,"column":66}},"87":{"start":{"line":147,"column":4},"end":{"line":149,"column":5}},"88":{"start":{"line":148,"column":8},"end":{"line":148,"column":83}},"89":{"start":{"line":150,"column":4},"end":{"line":150,"column":76}},"90":{"start":{"line":153,"column":0},"end":{"line":153,"column":24}}},"fnMap":{"0":{"name":"(anonymous_0)","decl":{"start":{"line":10,"column":26},"end":{"line":10,"column":27}},"loc":{"start":{"line":10,"column":40},"end":{"line":16,"column":1}},"line":10},"1":{"name":"(anonymous_1)","decl":{"start":{"line":18,"column":25},"end":{"line":18,"column":26}},"loc":{"start":{"line":18,"column":39},"end":{"line":21,"column":1}},"line":18},"2":{"name":"(anonymous_2)","decl":{"start":{"line":23,"column":32},"end":{"line":23,"column":33}},"loc":{"start":{"line":23,"column":46},"end":{"line":31,"column":1}},"line":23},"3":{"name":"(anonymous_3)","decl":{"start":{"line":33,"column":32},"end":{"line":33,"column":33}},"loc":{"start":{"line":33,"column":46},"end":{"line":42,"column":1}},"line":33},"4":{"name":"(anonymous_4)","decl":{"start":{"line":44,"column":35},"end":{"line":44,"column":36}},"loc":{"start":{"line":44,"column":49},"end":{"line":52,"column":1}},"line":44},"5":{"name":"(anonymous_5)","decl":{"start":{"line":56,"column":26},"end":{"line":56,"column":27}},"loc":{"start":{"line":56,"column":40},"end":{"line":62,"column":1}},"line":56},"6":{"name":"(anonymous_6)","decl":{"start":{"line":64,"column":25},"end":{"line":64,"column":26}},"loc":{"start":{"line":64,"column":39},"end":{"line":67,"column":1}},"line":64},"7":{"name":"(anonymous_7)","decl":{"start":{"line":69,"column":32},"end":{"line":69,"column":33}},"loc":{"start":{"line":69,"column":46},"end":{"line":77,"column":1}},"line":69},"8":{"name":"(anonymous_8)","decl":{"start":{"line":79,"column":32},"end":{"line":79,"column":33}},"loc":{"start":{"line":79,"column":46},"end":{"line":93,"column":1}},"line":79},"9":{"name":"(anonymous_9)","decl":{"start":{"line":95,"column":32},"end":{"line":95,"column":33}},"loc":{"start":{"line":95,"column":46},"end":{"line":103,"column":1}},"line":95},"10":{"name":"(anonymous_10)","decl":{"start":{"line":107,"column":29},"end":{"line":107,"column":30}},"loc":{"start":{"line":107,"column":43},"end":{"line":113,"column":1}},"line":107},"11":{"name":"(anonymous_11)","decl":{"start":{"line":115,"column":28},"end":{"line":115,"column":29}},"loc":{"start":{"line":115,"column":42},"end":{"line":118,"column":1}},"line":115},"12":{"name":"(anonymous_12)","decl":{"start":{"line":120,"column":35},"end":{"line":120,"column":36}},"loc":{"start":{"line":120,"column":49},"end":{"line":128,"column":1}},"line":120},"13":{"name":"(anonymous_13)","decl":{"start":{"line":130,"column":35},"end":{"line":130,"column":36}},"loc":{"start":{"line":130,"column":49},"end":{"line":141,"column":1}},"line":130},"14":{"name":"(anonymous_14)","decl":{"start":{"line":143,"column":35},"end":{"line":143,"column":36}},"loc":{"start":{"line":143,"column":49},"end":{"line":151,"column":1}},"line":143}},"branchMap":{"0":{"loc":{"start":{"line":27,"column":4},"end":{"line":29,"column":5}},"type":"if","locations":[{"start":{"line":27,"column":4},"end":{"line":29,"column":5}},{"start":{},"end":{}}],"line":27},"1":{"loc":{"start":{"line":38,"column":4},"end":{"line":40,"column":5}},"type":"if","locations":[{"start":{"line":38,"column":4},"end":{"line":40,"column":5}},{"start":{},"end":{}}],"line":38},"2":{"loc":{"start":{"line":48,"column":4},"end":{"line":50,"column":5}},"type":"if","locations":[{"start":{"line":48,"column":4},"end":{"line":50,"column":5}},{"start":{},"end":{}}],"line":48},"3":{"loc":{"start":{"line":73,"column":4},"end":{"line":75,"column":5}},"type":"if","locations":[{"start":{"line":73,"column":4},"end":{"line":75,"column":5}},{"start":{},"end":{}}],"line":73},"4":{"loc":{"start":{"line":89,"column":4},"end":{"line":91,"column":5}},"type":"if","locations":[{"start":{"line":89,"column":4},"end":{"line":91,"column":5}},{"start":{},"end":{}}],"line":89},"5":{"loc":{"start":{"line":99,"column":4},"end":{"line":101,"column":5}},"type":"if","locations":[{"start":{"line":99,"column":4},"end":{"line":101,"column":5}},{"start":{},"end":{}}],"line":99},"6":{"loc":{"start":{"line":124,"column":4},"end":{"line":126,"column":5}},"type":"if","locations":[{"start":{"line":124,"column":4},"end":{"line":126,"column":5}},{"start":{},"end":{}}],"line":124},"7":{"loc":{"start":{"line":137,"column":4},"end":{"line":139,"column":5}},"type":"if","locations":[{"start":{"line":137,"column":4},"end":{"line":139,"column":5}},{"start":{},"end":{}}],"line":137},"8":{"loc":{"start":{"line":147,"column":4},"end":{"line":149,"column":5}},"type":"if","locations":[{"start":{"line":147,"column":4},"end":{"line":149,"column":5}},{"start":{},"end":{}}],"line":147}},"s":{"0":1,"1":1,"2":1,"3":1,"4":1,"5":1,"6":1,"7":1,"8":1,"9":1,"10":1,"11":1,"12":1,"13":1,"14":2,"15":2,"16":2,"17":1,"18":1,"19":1,"20":1,"21":1,"22":1,"23":1,"24":0,"25":1,"26":1,"27":1,"28":1,"29":1,"30":0,"31":1,"32":1,"33":1,"34":1,"35":1,"36":1,"37":1,"38":1,"39":1,"40":1,"41":1,"42":1,"43":1,"44":0,"45":1,"46":1,"47":1,"48":1,"49":1,"50":1,"51":1,"52":1,"53":1,"54":0,"55":1,"56":1,"57":1,"58":1,"59":1,"60":0,"61":1,"62":1,"63":1,"64":1,"65":1,"66":1,"67":1,"68":1,"69":1,"70":1,"71":1,"72":1,"73":1,"74":0,"75":1,"76":1,"77":1,"78":1,"79":1,"80":1,"81":1,"82":0,"83":1,"84":1,"85":1,"86":1,"87":1,"88":0,"89":1,"90":1},"f":{"0":1,"1":1,"2":2,"3":1,"4":1,"5":1,"6":1,"7":1,"8":1,"9":1,"10":1,"11":1,"12":1,"13":1,"14":1},"b":{"0":[1,1],"1":[0,1],"2":[0,1],"3":[0,1],"4":[0,1],"5":[0,1],"6":[0,1],"7":[0,1],"8":[0,1]},"_coverageSchema":"1a1c01bbd47fc00a2c39e90264f33305004495a9","hash":"4f648c37bdf587ec7ee29fb9517ecbdd08586ed7"}
,"D:\\LUCA\\Facultate\\sem4\\MPP\\Assignment1React\\project-ui-react\\src\\backend\\services.js": {"path":"D:\\LUCA\\Facultate\\sem4\\MPP\\Assignment1React\\project-ui-react\\src\\backend\\services.js","statementMap":{"0":{"start":{"line":2,"column":13},"end":{"line":2,"column":15}},"1":{"start":{"line":3,"column":13},"end":{"line":3,"column":15}},"2":{"start":{"line":4,"column":16},"end":{"line":4,"column":18}},"3":{"start":{"line":10,"column":8},"end":{"line":10,"column":34}},"4":{"start":{"line":14,"column":8},"end":{"line":14,"column":44}},"5":{"start":{"line":15,"column":8},"end":{"line":15,"column":34}},"6":{"start":{"line":19,"column":8},"end":{"line":19,"column":50}},"7":{"start":{"line":20,"column":8},"end":{"line":20,"column":40}},"8":{"start":{"line":24,"column":8},"end":{"line":24,"column":27}},"9":{"start":{"line":28,"column":8},"end":{"line":28,"column":27}},"10":{"start":{"line":32,"column":8},"end":{"line":32,"column":30}},"11":{"start":{"line":36,"column":8},"end":{"line":36,"column":62}},"12":{"start":{"line":36,"column":40},"end":{"line":36,"column":60}},"13":{"start":{"line":40,"column":8},"end":{"line":40,"column":56}},"14":{"start":{"line":40,"column":40},"end":{"line":40,"column":54}},"15":{"start":{"line":44,"column":8},"end":{"line":44,"column":65}},"16":{"start":{"line":44,"column":46},"end":{"line":44,"column":63}},"17":{"start":{"line":48,"column":8},"end":{"line":48,"column":84}},"18":{"start":{"line":48,"column":48},"end":{"line":48,"column":82}},"19":{"start":{"line":52,"column":8},"end":{"line":52,"column":75}},"20":{"start":{"line":52,"column":42},"end":{"line":52,"column":73}},"21":{"start":{"line":56,"column":8},"end":{"line":56,"column":72}},"22":{"start":{"line":56,"column":42},"end":{"line":56,"column":70}},"23":{"start":{"line":60,"column":22},"end":{"line":60,"column":73}},"24":{"start":{"line":60,"column":52},"end":{"line":60,"column":72}},"25":{"start":{"line":61,"column":8},"end":{"line":64,"column":9}},"26":{"start":{"line":62,"column":12},"end":{"line":62,"column":45}},"27":{"start":{"line":63,"column":12},"end":{"line":63,"column":38}},"28":{"start":{"line":65,"column":8},"end":{"line":65,"column":20}},"29":{"start":{"line":69,"column":22},"end":{"line":69,"column":76}},"30":{"start":{"line":69,"column":58},"end":{"line":69,"column":75}},"31":{"start":{"line":70,"column":8},"end":{"line":73,"column":9}},"32":{"start":{"line":71,"column":12},"end":{"line":71,"column":51}},"33":{"start":{"line":72,"column":12},"end":{"line":72,"column":41}},"34":{"start":{"line":74,"column":8},"end":{"line":74,"column":20}},"35":{"start":{"line":78,"column":22},"end":{"line":78,"column":67}},"36":{"start":{"line":78,"column":52},"end":{"line":78,"column":66}},"37":{"start":{"line":79,"column":8},"end":{"line":82,"column":9}},"38":{"start":{"line":80,"column":12},"end":{"line":80,"column":45}},"39":{"start":{"line":81,"column":12},"end":{"line":81,"column":38}},"40":{"start":{"line":83,"column":8},"end":{"line":83,"column":20}},"41":{"start":{"line":87,"column":22},"end":{"line":87,"column":73}},"42":{"start":{"line":87,"column":52},"end":{"line":87,"column":72}},"43":{"start":{"line":88,"column":8},"end":{"line":90,"column":9}},"44":{"start":{"line":89,"column":12},"end":{"line":89,"column":51}},"45":{"start":{"line":91,"column":8},"end":{"line":91,"column":20}},"46":{"start":{"line":95,"column":22},"end":{"line":95,"column":76}},"47":{"start":{"line":95,"column":58},"end":{"line":95,"column":75}},"48":{"start":{"line":96,"column":8},"end":{"line":98,"column":9}},"49":{"start":{"line":97,"column":12},"end":{"line":97,"column":54}},"50":{"start":{"line":99,"column":8},"end":{"line":99,"column":20}},"51":{"start":{"line":103,"column":22},"end":{"line":103,"column":67}},"52":{"start":{"line":103,"column":52},"end":{"line":103,"column":66}},"53":{"start":{"line":104,"column":8},"end":{"line":106,"column":9}},"54":{"start":{"line":105,"column":12},"end":{"line":105,"column":51}},"55":{"start":{"line":107,"column":8},"end":{"line":107,"column":20}},"56":{"start":{"line":111,"column":0},"end":{"line":111,"column":26}}},"fnMap":{"0":{"name":"(anonymous_0)","decl":{"start":{"line":6,"column":4},"end":{"line":6,"column":5}},"loc":{"start":{"line":6,"column":17},"end":{"line":7,"column":5}},"line":6},"1":{"name":"(anonymous_1)","decl":{"start":{"line":9,"column":4},"end":{"line":9,"column":5}},"loc":{"start":{"line":9,"column":20},"end":{"line":11,"column":5}},"line":9},"2":{"name":"(anonymous_2)","decl":{"start":{"line":13,"column":4},"end":{"line":13,"column":5}},"loc":{"start":{"line":13,"column":20},"end":{"line":16,"column":5}},"line":13},"3":{"name":"(anonymous_3)","decl":{"start":{"line":18,"column":4},"end":{"line":18,"column":5}},"loc":{"start":{"line":18,"column":26},"end":{"line":21,"column":5}},"line":18},"4":{"name":"(anonymous_4)","decl":{"start":{"line":23,"column":4},"end":{"line":23,"column":5}},"loc":{"start":{"line":23,"column":17},"end":{"line":25,"column":5}},"line":23},"5":{"name":"(anonymous_5)","decl":{"start":{"line":27,"column":4},"end":{"line":27,"column":5}},"loc":{"start":{"line":27,"column":17},"end":{"line":29,"column":5}},"line":27},"6":{"name":"(anonymous_6)","decl":{"start":{"line":31,"column":4},"end":{"line":31,"column":5}},"loc":{"start":{"line":31,"column":20},"end":{"line":33,"column":5}},"line":31},"7":{"name":"(anonymous_7)","decl":{"start":{"line":35,"column":4},"end":{"line":35,"column":5}},"loc":{"start":{"line":35,"column":25},"end":{"line":37,"column":5}},"line":35},"8":{"name":"(anonymous_8)","decl":{"start":{"line":36,"column":32},"end":{"line":36,"column":33}},"loc":{"start":{"line":36,"column":40},"end":{"line":36,"column":60}},"line":36},"9":{"name":"(anonymous_9)","decl":{"start":{"line":39,"column":4},"end":{"line":39,"column":5}},"loc":{"start":{"line":39,"column":19},"end":{"line":41,"column":5}},"line":39},"10":{"name":"(anonymous_10)","decl":{"start":{"line":40,"column":32},"end":{"line":40,"column":33}},"loc":{"start":{"line":40,"column":40},"end":{"line":40,"column":54}},"line":40},"11":{"name":"(anonymous_11)","decl":{"start":{"line":43,"column":4},"end":{"line":43,"column":5}},"loc":{"start":{"line":43,"column":22},"end":{"line":45,"column":5}},"line":43},"12":{"name":"(anonymous_12)","decl":{"start":{"line":44,"column":35},"end":{"line":44,"column":36}},"loc":{"start":{"line":44,"column":46},"end":{"line":44,"column":63}},"line":44},"13":{"name":"(anonymous_13)","decl":{"start":{"line":47,"column":4},"end":{"line":47,"column":5}},"loc":{"start":{"line":47,"column":37},"end":{"line":49,"column":5}},"line":47},"14":{"name":"(anonymous_14)","decl":{"start":{"line":48,"column":37},"end":{"line":48,"column":38}},"loc":{"start":{"line":48,"column":48},"end":{"line":48,"column":82}},"line":48},"15":{"name":"(anonymous_15)","decl":{"start":{"line":51,"column":4},"end":{"line":51,"column":5}},"loc":{"start":{"line":51,"column":34},"end":{"line":53,"column":5}},"line":51},"16":{"name":"(anonymous_16)","decl":{"start":{"line":52,"column":34},"end":{"line":52,"column":35}},"loc":{"start":{"line":52,"column":42},"end":{"line":52,"column":73}},"line":52},"17":{"name":"(anonymous_17)","decl":{"start":{"line":55,"column":4},"end":{"line":55,"column":5}},"loc":{"start":{"line":55,"column":34},"end":{"line":57,"column":5}},"line":55},"18":{"name":"(anonymous_18)","decl":{"start":{"line":56,"column":34},"end":{"line":56,"column":35}},"loc":{"start":{"line":56,"column":42},"end":{"line":56,"column":70}},"line":56},"19":{"name":"(anonymous_19)","decl":{"start":{"line":59,"column":4},"end":{"line":59,"column":5}},"loc":{"start":{"line":59,"column":34},"end":{"line":66,"column":5}},"line":59},"20":{"name":"(anonymous_20)","decl":{"start":{"line":60,"column":44},"end":{"line":60,"column":45}},"loc":{"start":{"line":60,"column":52},"end":{"line":60,"column":72}},"line":60},"21":{"name":"(anonymous_21)","decl":{"start":{"line":68,"column":4},"end":{"line":68,"column":5}},"loc":{"start":{"line":68,"column":37},"end":{"line":75,"column":5}},"line":68},"22":{"name":"(anonymous_22)","decl":{"start":{"line":69,"column":47},"end":{"line":69,"column":48}},"loc":{"start":{"line":69,"column":58},"end":{"line":69,"column":75}},"line":69},"23":{"name":"(anonymous_23)","decl":{"start":{"line":77,"column":4},"end":{"line":77,"column":5}},"loc":{"start":{"line":77,"column":31},"end":{"line":84,"column":5}},"line":77},"24":{"name":"(anonymous_24)","decl":{"start":{"line":78,"column":44},"end":{"line":78,"column":45}},"loc":{"start":{"line":78,"column":52},"end":{"line":78,"column":66}},"line":78},"25":{"name":"(anonymous_25)","decl":{"start":{"line":86,"column":4},"end":{"line":86,"column":5}},"loc":{"start":{"line":86,"column":21},"end":{"line":92,"column":5}},"line":86},"26":{"name":"(anonymous_26)","decl":{"start":{"line":87,"column":44},"end":{"line":87,"column":45}},"loc":{"start":{"line":87,"column":52},"end":{"line":87,"column":72}},"line":87},"27":{"name":"(anonymous_27)","decl":{"start":{"line":94,"column":4},"end":{"line":94,"column":5}},"loc":{"start":{"line":94,"column":21},"end":{"line":100,"column":5}},"line":94},"28":{"name":"(anonymous_28)","decl":{"start":{"line":95,"column":47},"end":{"line":95,"column":48}},"loc":{"start":{"line":95,"column":58},"end":{"line":95,"column":75}},"line":95},"29":{"name":"(anonymous_29)","decl":{"start":{"line":102,"column":4},"end":{"line":102,"column":5}},"loc":{"start":{"line":102,"column":18},"end":{"line":108,"column":5}},"line":102},"30":{"name":"(anonymous_30)","decl":{"start":{"line":103,"column":44},"end":{"line":103,"column":45}},"loc":{"start":{"line":103,"column":52},"end":{"line":103,"column":66}},"line":103}},"branchMap":{"0":{"loc":{"start":{"line":61,"column":8},"end":{"line":64,"column":9}},"type":"if","locations":[{"start":{"line":61,"column":8},"end":{"line":64,"column":9}},{"start":{},"end":{}}],"line":61},"1":{"loc":{"start":{"line":70,"column":8},"end":{"line":73,"column":9}},"type":"if","locations":[{"start":{"line":70,"column":8},"end":{"line":73,"column":9}},{"start":{},"end":{}}],"line":70},"2":{"loc":{"start":{"line":79,"column":8},"end":{"line":82,"column":9}},"type":"if","locations":[{"start":{"line":79,"column":8},"end":{"line":82,"column":9}},{"start":{},"end":{}}],"line":79},"3":{"loc":{"start":{"line":88,"column":8},"end":{"line":90,"column":9}},"type":"if","locations":[{"start":{"line":88,"column":8},"end":{"line":90,"column":9}},{"start":{},"end":{}}],"line":88},"4":{"loc":{"start":{"line":96,"column":8},"end":{"line":98,"column":9}},"type":"if","locations":[{"start":{"line":96,"column":8},"end":{"line":98,"column":9}},{"start":{},"end":{}}],"line":96},"5":{"loc":{"start":{"line":104,"column":8},"end":{"line":106,"column":9}},"type":"if","locations":[{"start":{"line":104,"column":8},"end":{"line":106,"column":9}},{"start":{},"end":{}}],"line":104}},"s":{"0":20,"1":20,"2":20,"3":5,"4":7,"5":7,"6":5,"7":5,"8":3,"9":6,"10":6,"11":3,"12":3,"13":1,"14":1,"15":1,"16":1,"17":2,"18":2,"19":2,"20":3,"21":0,"22":0,"23":3,"24":2,"25":3,"26":2,"27":2,"28":1,"29":3,"30":2,"31":3,"32":2,"33":2,"34":1,"35":3,"36":2,"37":3,"38":2,"39":2,"40":1,"41":3,"42":2,"43":3,"44":2,"45":1,"46":3,"47":2,"48":3,"49":2,"50":1,"51":3,"52":2,"53":3,"54":2,"55":1,"56":2},"f":{"0":20,"1":5,"2":7,"3":5,"4":3,"5":6,"6":6,"7":3,"8":3,"9":1,"10":1,"11":1,"12":1,"13":2,"14":2,"15":2,"16":3,"17":0,"18":0,"19":3,"20":2,"21":3,"22":2,"23":3,"24":2,"25":3,"26":2,"27":3,"28":2,"29":3,"30":2},"b":{"0":[2,1],"1":[2,1],"2":[2,1],"3":[2,1],"4":[2,1],"5":[2,1]},"_coverageSchema":"1a1c01bbd47fc00a2c39e90264f33305004495a9","hash":"6f50f85f471fa64a88eb3c1b598d909d96b6035a"}
}
