TN:
SF:src\backend\domain.js
FN:2,(anonymous_0)
FN:16,(anonymous_1)
FN:28,(anonymous_2)
FNF:3
FNH:3
FNDA:9,(anonymous_0)
FNDA:7,(anonymous_1)
FNDA:7,(anonymous_2)
DA:3,9
DA:4,9
DA:5,9
DA:6,9
DA:7,9
DA:8,9
DA:9,9
DA:10,9
DA:11,9
DA:17,7
DA:18,7
DA:19,7
DA:20,7
DA:21,7
DA:22,7
DA:23,7
DA:29,7
DA:30,7
DA:31,7
DA:32,7
DA:36,2
LF:21
LH:21
BRF:0
BRH:0
end_of_record
TN:
SF:src\backend\router.js
FN:10,(anonymous_0)
FN:18,(anonymous_1)
FN:23,(anonymous_2)
FN:33,(anonymous_3)
FN:44,(anonymous_4)
FN:56,(anonymous_5)
FN:64,(anonymous_6)
FN:69,(anonymous_7)
FN:79,(anonymous_8)
FN:95,(anonymous_9)
FN:107,(anonymous_10)
FN:115,(anonymous_11)
FN:120,(anonymous_12)
FN:130,(anonymous_13)
FN:143,(anonymous_14)
FNF:15
FNH:15
FNDA:1,(anonymous_0)
FNDA:1,(anonymous_1)
FNDA:2,(anonymous_2)
FNDA:1,(anonymous_3)
FNDA:1,(anonymous_4)
FNDA:1,(anonymous_5)
FNDA:1,(anonymous_6)
FNDA:1,(anonymous_7)
FNDA:1,(anonymous_8)
FNDA:1,(anonymous_9)
FNDA:1,(anonymous_10)
FNDA:1,(anonymous_11)
FNDA:1,(anonymous_12)
FNDA:1,(anonymous_13)
FNDA:1,(anonymous_14)
DA:1,1
DA:2,1
DA:4,1
DA:5,1
DA:6,1
DA:10,1
DA:11,1
DA:12,1
DA:13,1
DA:15,1
DA:18,1
DA:19,1
DA:20,1
DA:23,1
DA:24,2
DA:25,2
DA:27,2
DA:28,1
DA:30,1
DA:33,1
DA:34,1
DA:35,1
DA:36,1
DA:38,1
DA:39,0
DA:41,1
DA:44,1
DA:45,1
DA:46,1
DA:48,1
DA:49,0
DA:51,1
DA:56,1
DA:57,1
DA:58,1
DA:59,1
DA:61,1
DA:64,1
DA:65,1
DA:66,1
DA:69,1
DA:70,1
DA:71,1
DA:73,1
DA:74,0
DA:76,1
DA:79,1
DA:80,1
DA:81,1
DA:83,1
DA:84,1
DA:85,1
DA:87,1
DA:89,1
DA:90,0
DA:92,1
DA:95,1
DA:96,1
DA:97,1
DA:99,1
DA:100,0
DA:102,1
DA:107,1
DA:108,1
DA:109,1
DA:110,1
DA:112,1
DA:115,1
DA:116,1
DA:117,1
DA:120,1
DA:121,1
DA:122,1
DA:124,1
DA:125,0
DA:127,1
DA:130,1
DA:131,1
DA:132,1
DA:134,1
DA:135,1
DA:137,1
DA:138,0
DA:140,1
DA:143,1
DA:144,1
DA:145,1
DA:147,1
DA:148,0
DA:150,1
DA:153,1
LF:91
LH:83
BRDA:27,0,0,1
BRDA:27,0,1,1
BRDA:38,1,0,0
BRDA:38,1,1,1
BRDA:48,2,0,0
BRDA:48,2,1,1
BRDA:73,3,0,0
BRDA:73,3,1,1
BRDA:89,4,0,0
BRDA:89,4,1,1
BRDA:99,5,0,0
BRDA:99,5,1,1
BRDA:124,6,0,0
BRDA:124,6,1,1
BRDA:137,7,0,0
BRDA:137,7,1,1
BRDA:147,8,0,0
BRDA:147,8,1,1
BRF:18
BRH:10
end_of_record
TN:
SF:src\backend\services.js
FN:6,(anonymous_0)
FN:9,(anonymous_1)
FN:13,(anonymous_2)
FN:18,(anonymous_3)
FN:23,(anonymous_4)
FN:27,(anonymous_5)
FN:31,(anonymous_6)
FN:35,(anonymous_7)
FN:36,(anonymous_8)
FN:39,(anonymous_9)
FN:40,(anonymous_10)
FN:43,(anonymous_11)
FN:44,(anonymous_12)
FN:47,(anonymous_13)
FN:48,(anonymous_14)
FN:51,(anonymous_15)
FN:52,(anonymous_16)
FN:55,(anonymous_17)
FN:56,(anonymous_18)
FN:59,(anonymous_19)
FN:60,(anonymous_20)
FN:68,(anonymous_21)
FN:69,(anonymous_22)
FN:77,(anonymous_23)
FN:78,(anonymous_24)
FN:86,(anonymous_25)
FN:87,(anonymous_26)
FN:94,(anonymous_27)
FN:95,(anonymous_28)
FN:102,(anonymous_29)
FN:103,(anonymous_30)
FNF:31
FNH:29
FNDA:20,(anonymous_0)
FNDA:5,(anonymous_1)
FNDA:7,(anonymous_2)
FNDA:5,(anonymous_3)
FNDA:3,(anonymous_4)
FNDA:6,(anonymous_5)
FNDA:6,(anonymous_6)
FNDA:3,(anonymous_7)
FNDA:3,(anonymous_8)
FNDA:1,(anonymous_9)
FNDA:1,(anonymous_10)
FNDA:1,(anonymous_11)
FNDA:1,(anonymous_12)
FNDA:2,(anonymous_13)
FNDA:2,(anonymous_14)
FNDA:2,(anonymous_15)
FNDA:3,(anonymous_16)
FNDA:0,(anonymous_17)
FNDA:0,(anonymous_18)
FNDA:3,(anonymous_19)
FNDA:2,(anonymous_20)
FNDA:3,(anonymous_21)
FNDA:2,(anonymous_22)
FNDA:3,(anonymous_23)
FNDA:2,(anonymous_24)
FNDA:3,(anonymous_25)
FNDA:2,(anonymous_26)
FNDA:3,(anonymous_27)
FNDA:2,(anonymous_28)
FNDA:3,(anonymous_29)
FNDA:2,(anonymous_30)
DA:2,20
DA:3,20
DA:4,20
DA:10,5
DA:14,7
DA:15,7
DA:19,5
DA:20,5
DA:24,3
DA:28,6
DA:32,6
DA:36,3
DA:40,1
DA:44,1
DA:48,2
DA:52,3
DA:56,0
DA:60,3
DA:61,3
DA:62,2
DA:63,2
DA:65,1
DA:69,3
DA:70,3
DA:71,2
DA:72,2
DA:74,1
DA:78,3
DA:79,3
DA:80,2
DA:81,2
DA:83,1
DA:87,3
DA:88,3
DA:89,2
DA:91,1
DA:95,3
DA:96,3
DA:97,2
DA:99,1
DA:103,3
DA:104,3
DA:105,2
DA:107,1
DA:111,2
LF:45
LH:44
BRDA:61,0,0,2
BRDA:61,0,1,1
BRDA:70,1,0,2
BRDA:70,1,1,1
BRDA:79,2,0,2
BRDA:79,2,1,1
BRDA:88,3,0,2
BRDA:88,3,1,1
BRDA:96,4,0,2
BRDA:96,4,1,1
BRDA:104,5,0,2
BRDA:104,5,1,1
BRF:12
BRH:12
end_of_record
